Arguments: 
  /usr/local/bin/node /usr/local/Cellar/yarn/1.3.2/libexec/bin/yarn.js add @babel/env -D

PATH: 
  /usr/local/bin:/usr/bin:/bin:/usr/sbin:/sbin:/Applications/Wireshark.app/Contents/MacOS:/Users/liuxiaoguang/Library/Android/sdk/tools:/Users/liuxiaoguang/Library/Android/sdk/platform-tools

Yarn version: 
  1.3.2

Node version: 
  8.9.0

Platform: 
  darwin x64

npm manifest: 
  {
    "name": "pure_full_page",
    "version": "1.0.0",
    "description": "full page scroll developed by js",
    "main": "index.js",
    "scripts": {
      "test": "echo \"Error: no test specified\" && exit 1",
      "build": "gulp babel"
    },
    "repository": {
      "type": "git",
      "url": "git+https://github.com/xiaogliu/pure_full_page.git"
    },
    "author": "Liu Xiaoguang",
    "license": "MIT",
    "bugs": {
      "url": "https://github.com/xiaogliu/pure_full_page/issues"
    },
    "homepage": "https://github.com/xiaogliu/pure_full_page#readme",
    "dependencies": {},
    "devDependencies": {
      "@babel/core": "^7.0.0-beta.44",
      "@babel/preset-env": "^7.0.0-beta.44",
      "babel-core": "^6.26.0",
      "gulp": "^3.9.1",
      "gulp-babel": "^7.0.1"
    }
  }

yarn manifest: 
  No manifest

Lockfile: 
  # THIS IS AN AUTOGENERATED FILE. DO NOT EDIT THIS FILE DIRECTLY.
  # yarn lockfile v1
  
  
  "@babel/code-frame@7.0.0-beta.44":
    version "7.0.0-beta.44"
    resolved "https://registry.yarnpkg.com/@babel/code-frame/-/code-frame-7.0.0-beta.44.tgz#2a02643368de80916162be70865c97774f3adbd9"
    dependencies:
      "@babel/highlight" "7.0.0-beta.44"
  
  "@babel/core@^7.0.0-beta.44":
    version "7.0.0-beta.44"
    resolved "https://registry.yarnpkg.com/@babel/core/-/core-7.0.0-beta.44.tgz#90bb9e897427e7ebec2a1b857f458ff74ca28057"
    dependencies:
      "@babel/code-frame" "7.0.0-beta.44"
      "@babel/generator" "7.0.0-beta.44"
      "@babel/helpers" "7.0.0-beta.44"
      "@babel/template" "7.0.0-beta.44"
      "@babel/traverse" "7.0.0-beta.44"
      "@babel/types" "7.0.0-beta.44"
      babylon "7.0.0-beta.44"
      convert-source-map "^1.1.0"
      debug "^3.1.0"
      json5 "^0.5.0"
      lodash "^4.2.0"
      micromatch "^2.3.11"
      resolve "^1.3.2"
      semver "^5.4.1"
      source-map "^0.5.0"
  
  "@babel/generator@7.0.0-beta.44":
    version "7.0.0-beta.44"
    resolved "https://registry.yarnpkg.com/@babel/generator/-/generator-7.0.0-beta.44.tgz#c7e67b9b5284afcf69b309b50d7d37f3e5033d42"
    dependencies:
      "@babel/types" "7.0.0-beta.44"
      jsesc "^2.5.1"
      lodash "^4.2.0"
      source-map "^0.5.0"
      trim-right "^1.0.1"
  
  "@babel/helper-annotate-as-pure@7.0.0-beta.44":
    version "7.0.0-beta.44"
    resolved "https://registry.yarnpkg.com/@babel/helper-annotate-as-pure/-/helper-annotate-as-pure-7.0.0-beta.44.tgz#8ecf33cc5235295afcc7f160a63cab17ce7776f4"
    dependencies:
      "@babel/types" "7.0.0-beta.44"
  
  "@babel/helper-builder-binary-assignment-operator-visitor@7.0.0-beta.44":
    version "7.0.0-beta.44"
    resolved "https://registry.yarnpkg.com/@babel/helper-builder-binary-assignment-operator-visitor/-/helper-builder-binary-assignment-operator-visitor-7.0.0-beta.44.tgz#0e86d393c192bc846f871f3fcf4920b08a9cbb27"
    dependencies:
      "@babel/helper-explode-assignable-expression" "7.0.0-beta.44"
      "@babel/types" "7.0.0-beta.44"
  
  "@babel/helper-call-delegate@7.0.0-beta.44":
    version "7.0.0-beta.44"
    resolved "https://registry.yarnpkg.com/@babel/helper-call-delegate/-/helper-call-delegate-7.0.0-beta.44.tgz#e644536f8b3d2eabeecca000037cdced8e453d26"
    dependencies:
      "@babel/helper-hoist-variables" "7.0.0-beta.44"
      "@babel/traverse" "7.0.0-beta.44"
      "@babel/types" "7.0.0-beta.44"
  
  "@babel/helper-define-map@7.0.0-beta.44":
    version "7.0.0-beta.44"
    resolved "https://registry.yarnpkg.com/@babel/helper-define-map/-/helper-define-map-7.0.0-beta.44.tgz#d63578a67c9654ff9f32e55bbf269c2d5f094c97"
    dependencies:
      "@babel/helper-function-name" "7.0.0-beta.44"
      "@babel/types" "7.0.0-beta.44"
      lodash "^4.2.0"
  
  "@babel/helper-explode-assignable-expression@7.0.0-beta.44":
    version "7.0.0-beta.44"
    resolved "https://registry.yarnpkg.com/@babel/helper-explode-assignable-expression/-/helper-explode-assignable-expression-7.0.0-beta.44.tgz#1f06b9f76017deac2767ee09f3021d5b209bf5cd"
    dependencies:
      "@babel/traverse" "7.0.0-beta.44"
      "@babel/types" "7.0.0-beta.44"
  
  "@babel/helper-function-name@7.0.0-beta.44":
    version "7.0.0-beta.44"
    resolved "https://registry.yarnpkg.com/@babel/helper-function-name/-/helper-function-name-7.0.0-beta.44.tgz#e18552aaae2231100a6e485e03854bc3532d44dd"
    dependencies:
      "@babel/helper-get-function-arity" "7.0.0-beta.44"
      "@babel/template" "7.0.0-beta.44"
      "@babel/types" "7.0.0-beta.44"
  
  "@babel/helper-get-function-arity@7.0.0-beta.44":
    version "7.0.0-beta.44"
    resolved "https://registry.yarnpkg.com/@babel/helper-get-function-arity/-/helper-get-function-arity-7.0.0-beta.44.tgz#d03ca6dd2b9f7b0b1e6b32c56c72836140db3a15"
    dependencies:
      "@babel/types" "7.0.0-beta.44"
  
  "@babel/helper-hoist-variables@7.0.0-beta.44":
    version "7.0.0-beta.44"
    resolved "https://registry.yarnpkg.com/@babel/helper-hoist-variables/-/helper-hoist-variables-7.0.0-beta.44.tgz#a1bbb2c25f9b4058e041ecc1556f096eacdbd142"
    dependencies:
      "@babel/types" "7.0.0-beta.44"
  
  "@babel/helper-module-imports@7.0.0-beta.44":
    version "7.0.0-beta.44"
    resolved "https://registry.yarnpkg.com/@babel/helper-module-imports/-/helper-module-imports-7.0.0-beta.44.tgz#60edc68cdf17e13eaca5be813c96127303085133"
    dependencies:
      "@babel/types" "7.0.0-beta.44"
      lodash "^4.2.0"
  
  "@babel/helper-module-transforms@7.0.0-beta.44":
    version "7.0.0-beta.44"
    resolved "https://registry.yarnpkg.com/@babel/helper-module-transforms/-/helper-module-transforms-7.0.0-beta.44.tgz#185dc17b37c4b9cc3daee0f0f44e74f000e21bb7"
    dependencies:
      "@babel/helper-module-imports" "7.0.0-beta.44"
      "@babel/helper-simple-access" "7.0.0-beta.44"
      "@babel/helper-split-export-declaration" "7.0.0-beta.44"
      "@babel/template" "7.0.0-beta.44"
      "@babel/types" "7.0.0-beta.44"
      lodash "^4.2.0"
  
  "@babel/helper-optimise-call-expression@7.0.0-beta.44":
    version "7.0.0-beta.44"
    resolved "https://registry.yarnpkg.com/@babel/helper-optimise-call-expression/-/helper-optimise-call-expression-7.0.0-beta.44.tgz#84ceabfb99afc1c185d15668114a697cdad7a5d0"
    dependencies:
      "@babel/types" "7.0.0-beta.44"
  
  "@babel/helper-plugin-utils@7.0.0-beta.44":
    version "7.0.0-beta.44"
    resolved "https://registry.yarnpkg.com/@babel/helper-plugin-utils/-/helper-plugin-utils-7.0.0-beta.44.tgz#9f590bc3ae6daa8a10b853233baa3e25d263751d"
  
  "@babel/helper-regex@7.0.0-beta.44":
    version "7.0.0-beta.44"
    resolved "https://registry.yarnpkg.com/@babel/helper-regex/-/helper-regex-7.0.0-beta.44.tgz#f5b6828c1e40f0b74ab6ed90abdd52be0c38a74e"
    dependencies:
      lodash "^4.2.0"
  
  "@babel/helper-remap-async-to-generator@7.0.0-beta.44":
    version "7.0.0-beta.44"
    resolved "https://registry.yarnpkg.com/@babel/helper-remap-async-to-generator/-/helper-remap-async-to-generator-7.0.0-beta.44.tgz#8ad8c12a57444042ca281bdb16734841425938ad"
    dependencies:
      "@babel/helper-annotate-as-pure" "7.0.0-beta.44"
      "@babel/helper-wrap-function" "7.0.0-beta.44"
      "@babel/template" "7.0.0-beta.44"
      "@babel/traverse" "7.0.0-beta.44"
      "@babel/types" "7.0.0-beta.44"
  
  "@babel/helper-replace-supers@7.0.0-beta.44":
    version "7.0.0-beta.44"
    resolved "https://registry.yarnpkg.com/@babel/helper-replace-supers/-/helper-replace-supers-7.0.0-beta.44.tgz#cf18697951431f533f9d8c201390b158d4a3ee04"
    dependencies:
      "@babel/helper-optimise-call-expression" "7.0.0-beta.44"
      "@babel/template" "7.0.0-beta.44"
      "@babel/traverse" "7.0.0-beta.44"
      "@babel/types" "7.0.0-beta.44"
  
  "@babel/helper-simple-access@7.0.0-beta.44":
    version "7.0.0-beta.44"
    resolved "https://registry.yarnpkg.com/@babel/helper-simple-access/-/helper-simple-access-7.0.0-beta.44.tgz#03fb6bfc91eb0a95f6c11499153f8c663654dce5"
    dependencies:
      "@babel/template" "7.0.0-beta.44"
      "@babel/types" "7.0.0-beta.44"
      lodash "^4.2.0"
  
  "@babel/helper-split-export-declaration@7.0.0-beta.44":
    version "7.0.0-beta.44"
    resolved "https://registry.yarnpkg.com/@babel/helper-split-export-declaration/-/helper-split-export-declaration-7.0.0-beta.44.tgz#c0b351735e0fbcb3822c8ad8db4e583b05ebd9dc"
    dependencies:
      "@babel/types" "7.0.0-beta.44"
  
  "@babel/helper-wrap-function@7.0.0-beta.44":
    version "7.0.0-beta.44"
    resolved "https://registry.yarnpkg.com/@babel/helper-wrap-function/-/helper-wrap-function-7.0.0-beta.44.tgz#d128718a543f313264dff7cb386957e3e465c95d"
    dependencies:
      "@babel/helper-function-name" "7.0.0-beta.44"
      "@babel/template" "7.0.0-beta.44"
      "@babel/traverse" "7.0.0-beta.44"
      "@babel/types" "7.0.0-beta.44"
  
  "@babel/helpers@7.0.0-beta.44":
    version "7.0.0-beta.44"
    resolved "https://registry.yarnpkg.com/@babel/helpers/-/helpers-7.0.0-beta.44.tgz#b1cc87fdc3b77351c0a4860bcd9d4ef457919bfd"
    dependencies:
      "@babel/template" "7.0.0-beta.44"
      "@babel/traverse" "7.0.0-beta.44"
      "@babel/types" "7.0.0-beta.44"
  
  "@babel/highlight@7.0.0-beta.44":
    version "7.0.0-beta.44"
    resolved "https://registry.yarnpkg.com/@babel/highlight/-/highlight-7.0.0-beta.44.tgz#18c94ce543916a80553edcdcf681890b200747d5"
    dependencies:
      chalk "^2.0.0"
      esutils "^2.0.2"
      js-tokens "^3.0.0"
  
  "@babel/plugin-proposal-async-generator-functions@7.0.0-beta.44":
    version "7.0.0-beta.44"
    resolved "https://registry.yarnpkg.com/@babel/plugin-proposal-async-generator-functions/-/plugin-proposal-async-generator-functions-7.0.0-beta.44.tgz#b08d90cd0f6a82e11cb5ae64eee4fba7d0d7999e"
    dependencies:
      "@babel/helper-plugin-utils" "7.0.0-beta.44"
      "@babel/helper-remap-async-to-generator" "7.0.0-beta.44"
      "@babel/plugin-syntax-async-generators" "7.0.0-beta.44"
  
  "@babel/plugin-proposal-object-rest-spread@7.0.0-beta.44":
    version "7.0.0-beta.44"
    resolved "https://registry.yarnpkg.com/@babel/plugin-proposal-object-rest-spread/-/plugin-proposal-object-rest-spread-7.0.0-beta.44.tgz#b7817770cb9cf72f2e73ca6fcb83d61a87305259"
    dependencies:
      "@babel/helper-plugin-utils" "7.0.0-beta.44"
      "@babel/plugin-syntax-object-rest-spread" "7.0.0-beta.44"
  
  "@babel/plugin-proposal-optional-catch-binding@7.0.0-beta.44":
    version "7.0.0-beta.44"
    resolved "https://registry.yarnpkg.com/@babel/plugin-proposal-optional-catch-binding/-/plugin-proposal-optional-catch-binding-7.0.0-beta.44.tgz#87928d30c9fab4803cdba29f9c1260c16bc5d30f"
    dependencies:
      "@babel/helper-plugin-utils" "7.0.0-beta.44"
      "@babel/plugin-syntax-optional-catch-binding" "7.0.0-beta.44"
  
  "@babel/plugin-proposal-unicode-property-regex@7.0.0-beta.44":
    version "7.0.0-beta.44"
    resolved "https://registry.yarnpkg.com/@babel/plugin-proposal-unicode-property-regex/-/plugin-proposal-unicode-property-regex-7.0.0-beta.44.tgz#5efb0ddbe6635b4cb6674e961a16c28cef3cdb7f"
    dependencies:
      "@babel/helper-plugin-utils" "7.0.0-beta.44"
      "@babel/helper-regex" "7.0.0-beta.44"
      regexpu-core "^4.1.3"
  
  "@babel/plugin-syntax-async-generators@7.0.0-beta.44":
    version "7.0.0-beta.44"
    resolved "https://registry.yarnpkg.com/@babel/plugin-syntax-async-generators/-/plugin-syntax-async-generators-7.0.0-beta.44.tgz#5cf7ec4256ddd7df62654171059188bee2b3addc"
    dependencies:
      "@babel/helper-plugin-utils" "7.0.0-beta.44"
  
  "@babel/plugin-syntax-object-rest-spread@7.0.0-beta.44":
    version "7.0.0-beta.44"
    resolved "https://registry.yarnpkg.com/@babel/plugin-syntax-object-rest-spread/-/plugin-syntax-object-rest-spread-7.0.0-beta.44.tgz#c37d271e4edf8a1b5d4623fb2917ba0f5a9da3b3"
    dependencies:
      "@babel/helper-plugin-utils" "7.0.0-beta.44"
  
  "@babel/plugin-syntax-optional-catch-binding@7.0.0-beta.44":
    version "7.0.0-beta.44"
    resolved "https://registry.yarnpkg.com/@babel/plugin-syntax-optional-catch-binding/-/plugin-syntax-optional-catch-binding-7.0.0-beta.44.tgz#c79ee93c371831b104bb0a1cc9c85ac5373af4f3"
    dependencies:
      "@babel/helper-plugin-utils" "7.0.0-beta.44"
  
  "@babel/plugin-transform-arrow-functions@7.0.0-beta.44":
    version "7.0.0-beta.44"
    resolved "https://registry.yarnpkg.com/@babel/plugin-transform-arrow-functions/-/plugin-transform-arrow-functions-7.0.0-beta.44.tgz#718dae35046eca6938c731d1eae10c5471c17398"
    dependencies:
      "@babel/helper-plugin-utils" "7.0.0-beta.44"
  
  "@babel/plugin-transform-async-to-generator@7.0.0-beta.44":
    version "7.0.0-beta.44"
    resolved "https://registry.yarnpkg.com/@babel/plugin-transform-async-to-generator/-/plugin-transform-async-to-generator-7.0.0-beta.44.tgz#b91881aa6e1a6bd330be31df43a936feeb145c29"
    dependencies:
      "@babel/helper-module-imports" "7.0.0-beta.44"
      "@babel/helper-plugin-utils" "7.0.0-beta.44"
      "@babel/helper-remap-async-to-generator" "7.0.0-beta.44"
  
  "@babel/plugin-transform-block-scoped-functions@7.0.0-beta.44":
    version "7.0.0-beta.44"
    resolved "https://registry.yarnpkg.com/@babel/plugin-transform-block-scoped-functions/-/plugin-transform-block-scoped-functions-7.0.0-beta.44.tgz#d31bb2231ae861fa4ea6f9974b8b8f5641a3460a"
    dependencies:
      "@babel/helper-plugin-utils" "7.0.0-beta.44"
  
  "@babel/plugin-transform-block-scoping@7.0.0-beta.44":
    version "7.0.0-beta.44"
    resolved "https://registry.yarnpkg.com/@babel/plugin-transform-block-scoping/-/plugin-transform-block-scoping-7.0.0-beta.44.tgz#a7b640e112743634b9226996e58ab92cdebb4ff0"
    dependencies:
      "@babel/helper-plugin-utils" "7.0.0-beta.44"
      lodash "^4.2.0"
  
  "@babel/plugin-transform-classes@7.0.0-beta.44":
    version "7.0.0-beta.44"
    resolved "https://registry.yarnpkg.com/@babel/plugin-transform-classes/-/plugin-transform-classes-7.0.0-beta.44.tgz#5410fcf6a9eeba3cc8e25bf0f72b43358336b534"
    dependencies:
      "@babel/helper-annotate-as-pure" "7.0.0-beta.44"
      "@babel/helper-define-map" "7.0.0-beta.44"
      "@babel/helper-function-name" "7.0.0-beta.44"
      "@babel/helper-optimise-call-expression" "7.0.0-beta.44"
      "@babel/helper-plugin-utils" "7.0.0-beta.44"
      "@babel/helper-replace-supers" "7.0.0-beta.44"
      "@babel/helper-split-export-declaration" "7.0.0-beta.44"
      globals "^11.1.0"
  
  "@babel/plugin-transform-computed-properties@7.0.0-beta.44":
    version "7.0.0-beta.44"
    resolved "https://registry.yarnpkg.com/@babel/plugin-transform-computed-properties/-/plugin-transform-computed-properties-7.0.0-beta.44.tgz#1421b4e1a18dc3bd276d8648a12a4f8ea088c6a1"
    dependencies:
      "@babel/helper-plugin-utils" "7.0.0-beta.44"
  
  "@babel/plugin-transform-destructuring@7.0.0-beta.44":
    version "7.0.0-beta.44"
    resolved "https://registry.yarnpkg.com/@babel/plugin-transform-destructuring/-/plugin-transform-destructuring-7.0.0-beta.44.tgz#57c8b40d56db45eaa39b44696818b24004306752"
    dependencies:
      "@babel/helper-plugin-utils" "7.0.0-beta.44"
  
  "@babel/plugin-transform-dotall-regex@7.0.0-beta.44":
    version "7.0.0-beta.44"
    resolved "https://registry.yarnpkg.com/@babel/plugin-transform-dotall-regex/-/plugin-transform-dotall-regex-7.0.0-beta.44.tgz#414bd71f39199e45a8ddaa8053cb5bd9690707f4"
    dependencies:
      "@babel/helper-plugin-utils" "7.0.0-beta.44"
      "@babel/helper-regex" "7.0.0-beta.44"
      regexpu-core "^4.1.3"
  
  "@babel/plugin-transform-duplicate-keys@7.0.0-beta.44":
    version "7.0.0-beta.44"
    resolved "https://registry.yarnpkg.com/@babel/plugin-transform-duplicate-keys/-/plugin-transform-duplicate-keys-7.0.0-beta.44.tgz#e945a7990d9adca4f9b58a7af46cdb1515b925b1"
    dependencies:
      "@babel/helper-plugin-utils" "7.0.0-beta.44"
  
  "@babel/plugin-transform-exponentiation-operator@7.0.0-beta.44":
    version "7.0.0-beta.44"
    resolved "https://registry.yarnpkg.com/@babel/plugin-transform-exponentiation-operator/-/plugin-transform-exponentiation-operator-7.0.0-beta.44.tgz#e6a9699b5036a7a75274e1546c23414ba945a135"
    dependencies:
      "@babel/helper-builder-binary-assignment-operator-visitor" "7.0.0-beta.44"
      "@babel/helper-plugin-utils" "7.0.0-beta.44"
  
  "@babel/plugin-transform-for-of@7.0.0-beta.44":
    version "7.0.0-beta.44"
    resolved "https://registry.yarnpkg.com/@babel/plugin-transform-for-of/-/plugin-transform-for-of-7.0.0-beta.44.tgz#b157e38e74c07beacbac01c1946b8ad11dbea32c"
    dependencies:
      "@babel/helper-plugin-utils" "7.0.0-beta.44"
  
  "@babel/plugin-transform-function-name@7.0.0-beta.44":
    version "7.0.0-beta.44"
    resolved "https://registry.yarnpkg.com/@babel/plugin-transform-function-name/-/plugin-transform-function-name-7.0.0-beta.44.tgz#8cd5986dac8a0fd0df21b79e9a20de9b2c37b4c4"
    dependencies:
      "@babel/helper-function-name" "7.0.0-beta.44"
      "@babel/helper-plugin-utils" "7.0.0-beta.44"
  
  "@babel/plugin-transform-literals@7.0.0-beta.44":
    version "7.0.0-beta.44"
    resolved "https://registry.yarnpkg.com/@babel/plugin-transform-literals/-/plugin-transform-literals-7.0.0-beta.44.tgz#8c85631ea6fd8a6eecefdb81177ed6ae3d34b195"
    dependencies:
      "@babel/helper-plugin-utils" "7.0.0-beta.44"
  
  "@babel/plugin-transform-modules-amd@7.0.0-beta.44":
    version "7.0.0-beta.44"
    resolved "https://registry.yarnpkg.com/@babel/plugin-transform-modules-amd/-/plugin-transform-modules-amd-7.0.0-beta.44.tgz#4d2df3f507f00bbbea3bc3ee07505ed97df1f22e"
    dependencies:
      "@babel/helper-module-transforms" "7.0.0-beta.44"
      "@babel/helper-plugin-utils" "7.0.0-beta.44"
  
  "@babel/plugin-transform-modules-commonjs@7.0.0-beta.44":
    version "7.0.0-beta.44"
    resolved "https://registry.yarnpkg.com/@babel/plugin-transform-modules-commonjs/-/plugin-transform-modules-commonjs-7.0.0-beta.44.tgz#864a1fef64091bd5241b0aa7d4b235fb29f60580"
    dependencies:
      "@babel/helper-module-transforms" "7.0.0-beta.44"
      "@babel/helper-plugin-utils" "7.0.0-beta.44"
      "@babel/helper-simple-access" "7.0.0-beta.44"
  
  "@babel/plugin-transform-modules-systemjs@7.0.0-beta.44":
    version "7.0.0-beta.44"
    resolved "https://registry.yarnpkg.com/@babel/plugin-transform-modules-systemjs/-/plugin-transform-modules-systemjs-7.0.0-beta.44.tgz#f27e97e592dd9739c8c5df478f1729bb4b63b386"
    dependencies:
      "@babel/helper-hoist-variables" "7.0.0-beta.44"
      "@babel/helper-plugin-utils" "7.0.0-beta.44"
  
  "@babel/plugin-transform-modules-umd@7.0.0-beta.44":
    version "7.0.0-beta.44"
    resolved "https://registry.yarnpkg.com/@babel/plugin-transform-modules-umd/-/plugin-transform-modules-umd-7.0.0-beta.44.tgz#66ca82476b72bfd1ce2d410ceaf2e85c1639a616"
    dependencies:
      "@babel/helper-module-transforms" "7.0.0-beta.44"
      "@babel/helper-plugin-utils" "7.0.0-beta.44"
  
  "@babel/plugin-transform-new-target@7.0.0-beta.44":
    version "7.0.0-beta.44"
    resolved "https://registry.yarnpkg.com/@babel/plugin-transform-new-target/-/plugin-transform-new-target-7.0.0-beta.44.tgz#7f3a2c46e01b5433093430892fbce287583cb1b8"
    dependencies:
      "@babel/helper-plugin-utils" "7.0.0-beta.44"
  
  "@babel/plugin-transform-object-super@7.0.0-beta.44":
    version "7.0.0-beta.44"
    resolved "https://registry.yarnpkg.com/@babel/plugin-transform-object-super/-/plugin-transform-object-super-7.0.0-beta.44.tgz#3c1688a7b38c4de8af269ff5c618cfd602864a39"
    dependencies:
      "@babel/helper-plugin-utils" "7.0.0-beta.44"
      "@babel/helper-replace-supers" "7.0.0-beta.44"
  
  "@babel/plugin-transform-parameters@7.0.0-beta.44":
    version "7.0.0-beta.44"
    resolved "https://registry.yarnpkg.com/@babel/plugin-transform-parameters/-/plugin-transform-parameters-7.0.0-beta.44.tgz#19eaf0b852d58168097435e33e754a00c3507fb9"
    dependencies:
      "@babel/helper-call-delegate" "7.0.0-beta.44"
      "@babel/helper-get-function-arity" "7.0.0-beta.44"
      "@babel/helper-plugin-utils" "7.0.0-beta.44"
  
  "@babel/plugin-transform-regenerator@7.0.0-beta.44":
    version "7.0.0-beta.44"
    resolved "https://registry.yarnpkg.com/@babel/plugin-transform-regenerator/-/plugin-transform-regenerator-7.0.0-beta.44.tgz#e9a21db8fbedfd99b9e5d04ac405f7440d36b290"
    dependencies:
      regenerator-transform "^0.12.3"
  
  "@babel/plugin-transform-shorthand-properties@7.0.0-beta.44":
    version "7.0.0-beta.44"
    resolved "https://registry.yarnpkg.com/@babel/plugin-transform-shorthand-properties/-/plugin-transform-shorthand-properties-7.0.0-beta.44.tgz#42e2a31aaa5edf479adaf4c2b677cd3457c99991"
    dependencies:
      "@babel/helper-plugin-utils" "7.0.0-beta.44"
  
  "@babel/plugin-transform-spread@7.0.0-beta.44":
    version "7.0.0-beta.44"
    resolved "https://registry.yarnpkg.com/@babel/plugin-transform-spread/-/plugin-transform-spread-7.0.0-beta.44.tgz#94cacc3317cb8e2227b543c25b8046d7635d4114"
    dependencies:
      "@babel/helper-plugin-utils" "7.0.0-beta.44"
  
  "@babel/plugin-transform-sticky-regex@7.0.0-beta.44":
    version "7.0.0-beta.44"
    resolved "https://registry.yarnpkg.com/@babel/plugin-transform-sticky-regex/-/plugin-transform-sticky-regex-7.0.0-beta.44.tgz#512597cd7535f313aa29f31d0b60572a0374db00"
    dependencies:
      "@babel/helper-plugin-utils" "7.0.0-beta.44"
      "@babel/helper-regex" "7.0.0-beta.44"
  
  "@babel/plugin-transform-template-literals@7.0.0-beta.44":
    version "7.0.0-beta.44"
    resolved "https://registry.yarnpkg.com/@babel/plugin-transform-template-literals/-/plugin-transform-template-literals-7.0.0-beta.44.tgz#88d4605e63a21a4354837af06371e8c51cd76d08"
    dependencies:
      "@babel/helper-annotate-as-pure" "7.0.0-beta.44"
      "@babel/helper-plugin-utils" "7.0.0-beta.44"
  
  "@babel/plugin-transform-typeof-symbol@7.0.0-beta.44":
    version "7.0.0-beta.44"
    resolved "https://registry.yarnpkg.com/@babel/plugin-transform-typeof-symbol/-/plugin-transform-typeof-symbol-7.0.0-beta.44.tgz#ba0ded29aea2a51700e0730a054faa64a22ff38a"
    dependencies:
      "@babel/helper-plugin-utils" "7.0.0-beta.44"
  
  "@babel/plugin-transform-unicode-regex@7.0.0-beta.44":
    version "7.0.0-beta.44"
    resolved "https://registry.yarnpkg.com/@babel/plugin-transform-unicode-regex/-/plugin-transform-unicode-regex-7.0.0-beta.44.tgz#d7cf607948da5e997e277eba1caed30e80beaf76"
    dependencies:
      "@babel/helper-plugin-utils" "7.0.0-beta.44"
      "@babel/helper-regex" "7.0.0-beta.44"
      regexpu-core "^4.1.3"
  
  "@babel/preset-env@^7.0.0-beta.44":
    version "7.0.0-beta.44"
    resolved "https://registry.yarnpkg.com/@babel/preset-env/-/preset-env-7.0.0-beta.44.tgz#9d3df27d81b134cae8a52a36279402aadad6d5d2"
    dependencies:
      "@babel/helper-module-imports" "7.0.0-beta.44"
      "@babel/helper-plugin-utils" "7.0.0-beta.44"
      "@babel/plugin-proposal-async-generator-functions" "7.0.0-beta.44"
      "@babel/plugin-proposal-object-rest-spread" "7.0.0-beta.44"
      "@babel/plugin-proposal-optional-catch-binding" "7.0.0-beta.44"
      "@babel/plugin-proposal-unicode-property-regex" "7.0.0-beta.44"
      "@babel/plugin-syntax-async-generators" "7.0.0-beta.44"
      "@babel/plugin-syntax-object-rest-spread" "7.0.0-beta.44"
      "@babel/plugin-syntax-optional-catch-binding" "7.0.0-beta.44"
      "@babel/plugin-transform-arrow-functions" "7.0.0-beta.44"
      "@babel/plugin-transform-async-to-generator" "7.0.0-beta.44"
      "@babel/plugin-transform-block-scoped-functions" "7.0.0-beta.44"
      "@babel/plugin-transform-block-scoping" "7.0.0-beta.44"
      "@babel/plugin-transform-classes" "7.0.0-beta.44"
      "@babel/plugin-transform-computed-properties" "7.0.0-beta.44"
      "@babel/plugin-transform-destructuring" "7.0.0-beta.44"
      "@babel/plugin-transform-dotall-regex" "7.0.0-beta.44"
      "@babel/plugin-transform-duplicate-keys" "7.0.0-beta.44"
      "@babel/plugin-transform-exponentiation-operator" "7.0.0-beta.44"
      "@babel/plugin-transform-for-of" "7.0.0-beta.44"
      "@babel/plugin-transform-function-name" "7.0.0-beta.44"
      "@babel/plugin-transform-literals" "7.0.0-beta.44"
      "@babel/plugin-transform-modules-amd" "7.0.0-beta.44"
      "@babel/plugin-transform-modules-commonjs" "7.0.0-beta.44"
      "@babel/plugin-transform-modules-systemjs" "7.0.0-beta.44"
      "@babel/plugin-transform-modules-umd" "7.0.0-beta.44"
      "@babel/plugin-transform-new-target" "7.0.0-beta.44"
      "@babel/plugin-transform-object-super" "7.0.0-beta.44"
      "@babel/plugin-transform-parameters" "7.0.0-beta.44"
      "@babel/plugin-transform-regenerator" "7.0.0-beta.44"
      "@babel/plugin-transform-shorthand-properties" "7.0.0-beta.44"
      "@babel/plugin-transform-spread" "7.0.0-beta.44"
      "@babel/plugin-transform-sticky-regex" "7.0.0-beta.44"
      "@babel/plugin-transform-template-literals" "7.0.0-beta.44"
      "@babel/plugin-transform-typeof-symbol" "7.0.0-beta.44"
      "@babel/plugin-transform-unicode-regex" "7.0.0-beta.44"
      browserslist "^3.0.0"
      invariant "^2.2.2"
      semver "^5.3.0"
  
  "@babel/template@7.0.0-beta.44":
    version "7.0.0-beta.44"
    resolved "https://registry.yarnpkg.com/@babel/template/-/template-7.0.0-beta.44.tgz#f8832f4fdcee5d59bf515e595fc5106c529b394f"
    dependencies:
      "@babel/code-frame" "7.0.0-beta.44"
      "@babel/types" "7.0.0-beta.44"
      babylon "7.0.0-beta.44"
      lodash "^4.2.0"
  
  "@babel/traverse@7.0.0-beta.44":
    version "7.0.0-beta.44"
    resolved "https://registry.yarnpkg.com/@babel/traverse/-/traverse-7.0.0-beta.44.tgz#a970a2c45477ad18017e2e465a0606feee0d2966"
    dependencies:
      "@babel/code-frame" "7.0.0-beta.44"
      "@babel/generator" "7.0.0-beta.44"
      "@babel/helper-function-name" "7.0.0-beta.44"
      "@babel/helper-split-export-declaration" "7.0.0-beta.44"
      "@babel/types" "7.0.0-beta.44"
      babylon "7.0.0-beta.44"
      debug "^3.1.0"
      globals "^11.1.0"
      invariant "^2.2.0"
      lodash "^4.2.0"
  
  "@babel/types@7.0.0-beta.44":
    version "7.0.0-beta.44"
    resolved "https://registry.yarnpkg.com/@babel/types/-/types-7.0.0-beta.44.tgz#6b1b164591f77dec0a0342aca995f2d046b3a757"
    dependencies:
      esutils "^2.0.2"
      lodash "^4.2.0"
      to-fast-properties "^2.0.0"
  
  ansi-colors@^1.0.1:
    version "1.1.0"
    resolved "https://registry.yarnpkg.com/ansi-colors/-/ansi-colors-1.1.0.tgz#6374b4dd5d4718ff3ce27a671a3b1cad077132a9"
    dependencies:
      ansi-wrap "^0.1.0"
  
  ansi-gray@^0.1.1:
    version "0.1.1"
    resolved "https://registry.yarnpkg.com/ansi-gray/-/ansi-gray-0.1.1.tgz#2962cf54ec9792c48510a3deb524436861ef7251"
    dependencies:
      ansi-wrap "0.1.0"
  
  ansi-regex@^2.0.0:
    version "2.1.1"
    resolved "https://registry.yarnpkg.com/ansi-regex/-/ansi-regex-2.1.1.tgz#c3b33ab5ee360d86e0e628f0468ae7ef27d654df"
  
  ansi-styles@^2.2.1:
    version "2.2.1"
    resolved "https://registry.yarnpkg.com/ansi-styles/-/ansi-styles-2.2.1.tgz#b432dd3358b634cf75e1e4664368240533c1ddbe"
  
  ansi-styles@^3.2.1:
    version "3.2.1"
    resolved "https://registry.yarnpkg.com/ansi-styles/-/ansi-styles-3.2.1.tgz#41fbb20243e50b12be0f04b8dedbf07520ce841d"
    dependencies:
      color-convert "^1.9.0"
  
  ansi-wrap@0.1.0, ansi-wrap@^0.1.0:
    version "0.1.0"
    resolved "https://registry.yarnpkg.com/ansi-wrap/-/ansi-wrap-0.1.0.tgz#a82250ddb0015e9a27ca82e82ea603bbfa45efaf"
  
  archy@^1.0.0:
    version "1.0.0"
    resolved "https://registry.yarnpkg.com/archy/-/archy-1.0.0.tgz#f9c8c13757cc1dd7bc379ac77b2c62a5c2868c40"
  
  arr-diff@^2.0.0:
    version "2.0.0"
    resolved "https://registry.yarnpkg.com/arr-diff/-/arr-diff-2.0.0.tgz#8f3b827f955a8bd669697e4a4256ac3ceae356cf"
    dependencies:
      arr-flatten "^1.0.1"
  
  arr-diff@^4.0.0:
    version "4.0.0"
    resolved "https://registry.yarnpkg.com/arr-diff/-/arr-diff-4.0.0.tgz#d6461074febfec71e7e15235761a329a5dc7c520"
  
  arr-flatten@^1.0.1, arr-flatten@^1.1.0:
    version "1.1.0"
    resolved "https://registry.yarnpkg.com/arr-flatten/-/arr-flatten-1.1.0.tgz#36048bbff4e7b47e136644316c99669ea5ae91f1"
  
  arr-union@^3.1.0:
    version "3.1.0"
    resolved "https://registry.yarnpkg.com/arr-union/-/arr-union-3.1.0.tgz#e39b09aea9def866a8f206e288af63919bae39c4"
  
  array-differ@^1.0.0:
    version "1.0.0"
    resolved "https://registry.yarnpkg.com/array-differ/-/array-differ-1.0.0.tgz#eff52e3758249d33be402b8bb8e564bb2b5d4031"
  
  array-each@^1.0.1:
    version "1.0.1"
    resolved "https://registry.yarnpkg.com/array-each/-/array-each-1.0.1.tgz#a794af0c05ab1752846ee753a1f211a05ba0c44f"
  
  array-slice@^1.0.0:
    version "1.1.0"
    resolved "https://registry.yarnpkg.com/array-slice/-/array-slice-1.1.0.tgz#e368ea15f89bc7069f7ffb89aec3a6c7d4ac22d4"
  
  array-uniq@^1.0.2:
    version "1.0.3"
    resolved "https://registry.yarnpkg.com/array-uniq/-/array-uniq-1.0.3.tgz#af6ac877a25cc7f74e058894753858dfdb24fdb6"
  
  array-unique@^0.2.1:
    version "0.2.1"
    resolved "https://registry.yarnpkg.com/array-unique/-/array-unique-0.2.1.tgz#a1d97ccafcbc2625cc70fadceb36a50c58b01a53"
  
  array-unique@^0.3.2:
    version "0.3.2"
    resolved "https://registry.yarnpkg.com/array-unique/-/array-unique-0.3.2.tgz#a894b75d4bc4f6cd679ef3244a9fd8f46ae2d428"
  
  assign-symbols@^1.0.0:
    version "1.0.0"
    resolved "https://registry.yarnpkg.com/assign-symbols/-/assign-symbols-1.0.0.tgz#59667f41fadd4f20ccbc2bb96b8d4f7f78ec0367"
  
  atob@^2.0.0:
    version "2.1.0"
    resolved "https://registry.yarnpkg.com/atob/-/atob-2.1.0.tgz#ab2b150e51d7b122b9efc8d7340c06b6c41076bc"
  
  babel-code-frame@^6.26.0:
    version "6.26.0"
    resolved "https://registry.yarnpkg.com/babel-code-frame/-/babel-code-frame-6.26.0.tgz#63fd43f7dc1e3bb7ce35947db8fe369a3f58c74b"
    dependencies:
      chalk "^1.1.3"
      esutils "^2.0.2"
      js-tokens "^3.0.2"
  
  babel-core@^6.26.0:
    version "6.26.0"
    resolved "https://registry.yarnpkg.com/babel-core/-/babel-core-6.26.0.tgz#af32f78b31a6fcef119c87b0fd8d9753f03a0bb8"
    dependencies:
      babel-code-frame "^6.26.0"
      babel-generator "^6.26.0"
      babel-helpers "^6.24.1"
      babel-messages "^6.23.0"
      babel-register "^6.26.0"
      babel-runtime "^6.26.0"
      babel-template "^6.26.0"
      babel-traverse "^6.26.0"
      babel-types "^6.26.0"
      babylon "^6.18.0"
      convert-source-map "^1.5.0"
      debug "^2.6.8"
      json5 "^0.5.1"
      lodash "^4.17.4"
      minimatch "^3.0.4"
      path-is-absolute "^1.0.1"
      private "^0.1.7"
      slash "^1.0.0"
      source-map "^0.5.6"
  
  babel-generator@^6.26.0:
    version "6.26.1"
    resolved "https://registry.yarnpkg.com/babel-generator/-/babel-generator-6.26.1.tgz#1844408d3b8f0d35a404ea7ac180f087a601bd90"
    dependencies:
      babel-messages "^6.23.0"
      babel-runtime "^6.26.0"
      babel-types "^6.26.0"
      detect-indent "^4.0.0"
      jsesc "^1.3.0"
      lodash "^4.17.4"
      source-map "^0.5.7"
      trim-right "^1.0.1"
  
  babel-helpers@^6.24.1:
    version "6.24.1"
    resolved "https://registry.yarnpkg.com/babel-helpers/-/babel-helpers-6.24.1.tgz#3471de9caec388e5c850e597e58a26ddf37602b2"
    dependencies:
      babel-runtime "^6.22.0"
      babel-template "^6.24.1"
  
  babel-messages@^6.23.0:
    version "6.23.0"
    resolved "https://registry.yarnpkg.com/babel-messages/-/babel-messages-6.23.0.tgz#f3cdf4703858035b2a2951c6ec5edf6c62f2630e"
    dependencies:
      babel-runtime "^6.22.0"
  
  babel-register@^6.26.0:
    version "6.26.0"
    resolved "https://registry.yarnpkg.com/babel-register/-/babel-register-6.26.0.tgz#6ed021173e2fcb486d7acb45c6009a856f647071"
    dependencies:
      babel-core "^6.26.0"
      babel-runtime "^6.26.0"
      core-js "^2.5.0"
      home-or-tmp "^2.0.0"
      lodash "^4.17.4"
      mkdirp "^0.5.1"
      source-map-support "^0.4.15"
  
  babel-runtime@^6.22.0, babel-runtime@^6.26.0:
    version "6.26.0"
    resolved "https://registry.yarnpkg.com/babel-runtime/-/babel-runtime-6.26.0.tgz#965c7058668e82b55d7bfe04ff2337bc8b5647fe"
    dependencies:
      core-js "^2.4.0"
      regenerator-runtime "^0.11.0"
  
  babel-template@^6.24.1, babel-template@^6.26.0:
    version "6.26.0"
    resolved "https://registry.yarnpkg.com/babel-template/-/babel-template-6.26.0.tgz#de03e2d16396b069f46dd9fff8521fb1a0e35e02"
    dependencies:
      babel-runtime "^6.26.0"
      babel-traverse "^6.26.0"
      babel-types "^6.26.0"
      babylon "^6.18.0"
      lodash "^4.17.4"
  
  babel-traverse@^6.26.0:
    version "6.26.0"
    resolved "https://registry.yarnpkg.com/babel-traverse/-/babel-traverse-6.26.0.tgz#46a9cbd7edcc62c8e5c064e2d2d8d0f4035766ee"
    dependencies:
      babel-code-frame "^6.26.0"
      babel-messages "^6.23.0"
      babel-runtime "^6.26.0"
      babel-types "^6.26.0"
      babylon "^6.18.0"
      debug "^2.6.8"
      globals "^9.18.0"
      invariant "^2.2.2"
      lodash "^4.17.4"
  
  babel-types@^6.26.0:
    version "6.26.0"
    resolved "https://registry.yarnpkg.com/babel-types/-/babel-types-6.26.0.tgz#a3b073f94ab49eb6fa55cd65227a334380632497"
    dependencies:
      babel-runtime "^6.26.0"
      esutils "^2.0.2"
      lodash "^4.17.4"
      to-fast-properties "^1.0.3"
  
  babylon@7.0.0-beta.44:
    version "7.0.0-beta.44"
    resolved "https://registry.yarnpkg.com/babylon/-/babylon-7.0.0-beta.44.tgz#89159e15e6e30c5096e22d738d8c0af8a0e8ca1d"
  
  babylon@^6.18.0:
    version "6.18.0"
    resolved "https://registry.yarnpkg.com/babylon/-/babylon-6.18.0.tgz#af2f3b88fa6f5c1e4c634d1a0f8eac4f55b395e3"
  
  balanced-match@^1.0.0:
    version "1.0.0"
    resolved "https://registry.yarnpkg.com/balanced-match/-/balanced-match-1.0.0.tgz#89b4d199ab2bee49de164ea02b89ce462d71b767"
  
  base@^0.11.1:
    version "0.11.2"
    resolved "https://registry.yarnpkg.com/base/-/base-0.11.2.tgz#7bde5ced145b6d551a90db87f83c558b4eb48a8f"
    dependencies:
      cache-base "^1.0.1"
      class-utils "^0.3.5"
      component-emitter "^1.2.1"
      define-property "^1.0.0"
      isobject "^3.0.1"
      mixin-deep "^1.2.0"
      pascalcase "^0.1.1"
  
  beeper@^1.0.0:
    version "1.1.1"
    resolved "https://registry.yarnpkg.com/beeper/-/beeper-1.1.1.tgz#e6d5ea8c5dad001304a70b22638447f69cb2f809"
  
  brace-expansion@^1.0.0, brace-expansion@^1.1.7:
    version "1.1.11"
    resolved "https://registry.yarnpkg.com/brace-expansion/-/brace-expansion-1.1.11.tgz#3c7fcbf529d87226f3d2f52b966ff5271eb441dd"
    dependencies:
      balanced-match "^1.0.0"
      concat-map "0.0.1"
  
  braces@^1.8.2:
    version "1.8.5"
    resolved "https://registry.yarnpkg.com/braces/-/braces-1.8.5.tgz#ba77962e12dff969d6b76711e914b737857bf6a7"
    dependencies:
      expand-range "^1.8.1"
      preserve "^0.2.0"
      repeat-element "^1.1.2"
  
  braces@^2.3.1:
    version "2.3.2"
    resolved "https://registry.yarnpkg.com/braces/-/braces-2.3.2.tgz#5979fd3f14cd531565e5fa2df1abfff1dfaee729"
    dependencies:
      arr-flatten "^1.1.0"
      array-unique "^0.3.2"
      extend-shallow "^2.0.1"
      fill-range "^4.0.0"
      isobject "^3.0.1"
      repeat-element "^1.1.2"
      snapdragon "^0.8.1"
      snapdragon-node "^2.0.1"
      split-string "^3.0.2"
      to-regex "^3.0.1"
  
  browserslist@^3.0.0:
    version "3.2.4"
    resolved "https://registry.yarnpkg.com/browserslist/-/browserslist-3.2.4.tgz#fb9ad70fd09875137ae943a31ab815ed76896031"
    dependencies:
      caniuse-lite "^1.0.30000821"
      electron-to-chromium "^1.3.41"
  
  cache-base@^1.0.1:
    version "1.0.1"
    resolved "https://registry.yarnpkg.com/cache-base/-/cache-base-1.0.1.tgz#0a7f46416831c8b662ee36fe4e7c59d76f666ab2"
    dependencies:
      collection-visit "^1.0.0"
      component-emitter "^1.2.1"
      get-value "^2.0.6"
      has-value "^1.0.0"
      isobject "^3.0.1"
      set-value "^2.0.0"
      to-object-path "^0.3.0"
      union-value "^1.0.0"
      unset-value "^1.0.0"
  
  caniuse-lite@^1.0.30000821:
    version "1.0.30000830"
    resolved "https://registry.yarnpkg.com/caniuse-lite/-/caniuse-lite-1.0.30000830.tgz#cb96b8a2dd3cbfe04acea2af3c4e894249095328"
  
  chalk@^1.0.0, chalk@^1.1.3:
    version "1.1.3"
    resolved "https://registry.yarnpkg.com/chalk/-/chalk-1.1.3.tgz#a8115c55e4a702fe4d150abd3872822a7e09fc98"
    dependencies:
      ansi-styles "^2.2.1"
      escape-string-regexp "^1.0.2"
      has-ansi "^2.0.0"
      strip-ansi "^3.0.0"
      supports-color "^2.0.0"
  
  chalk@^2.0.0:
    version "2.3.2"
    resolved "https://registry.yarnpkg.com/chalk/-/chalk-2.3.2.tgz#250dc96b07491bfd601e648d66ddf5f60c7a5c65"
    dependencies:
      ansi-styles "^3.2.1"
      escape-string-regexp "^1.0.5"
      supports-color "^5.3.0"
  
  class-utils@^0.3.5:
    version "0.3.6"
    resolved "https://registry.yarnpkg.com/class-utils/-/class-utils-0.3.6.tgz#f93369ae8b9a7ce02fd41faad0ca83033190c463"
    dependencies:
      arr-union "^3.1.0"
      define-property "^0.2.5"
      isobject "^3.0.0"
      static-extend "^0.1.1"
  
  clone-stats@^0.0.1:
    version "0.0.1"
    resolved "https://registry.yarnpkg.com/clone-stats/-/clone-stats-0.0.1.tgz#b88f94a82cf38b8791d58046ea4029ad88ca99d1"
  
  clone@^0.2.0:
    version "0.2.0"
    resolved "https://registry.yarnpkg.com/clone/-/clone-0.2.0.tgz#c6126a90ad4f72dbf5acdb243cc37724fe93fc1f"
  
  clone@^1.0.0, clone@^1.0.2:
    version "1.0.4"
    resolved "https://registry.yarnpkg.com/clone/-/clone-1.0.4.tgz#da309cc263df15994c688ca902179ca3c7cd7c7e"
  
  collection-visit@^1.0.0:
    version "1.0.0"
    resolved "https://registry.yarnpkg.com/collection-visit/-/collection-visit-1.0.0.tgz#4bc0373c164bc3291b4d368c829cf1a80a59dca0"
    dependencies:
      map-visit "^1.0.0"
      object-visit "^1.0.0"
  
  color-convert@^1.9.0:
    version "1.9.1"
    resolved "https://registry.yarnpkg.com/color-convert/-/color-convert-1.9.1.tgz#c1261107aeb2f294ebffec9ed9ecad529a6097ed"
    dependencies:
      color-name "^1.1.1"
  
  color-name@^1.1.1:
    version "1.1.3"
    resolved "https://registry.yarnpkg.com/color-name/-/color-name-1.1.3.tgz#a7d0558bd89c42f795dd42328f740831ca53bc25"
  
  color-support@^1.1.3:
    version "1.1.3"
    resolved "https://registry.yarnpkg.com/color-support/-/color-support-1.1.3.tgz#93834379a1cc9a0c61f82f52f0d04322251bd5a2"
  
  component-emitter@^1.2.1:
    version "1.2.1"
    resolved "https://registry.yarnpkg.com/component-emitter/-/component-emitter-1.2.1.tgz#137918d6d78283f7df7a6b7c5a63e140e69425e6"
  
  concat-map@0.0.1:
    version "0.0.1"
    resolved "https://registry.yarnpkg.com/concat-map/-/concat-map-0.0.1.tgz#d8a96bd77fd68df7793a73036a3ba0d5405d477b"
  
  convert-source-map@^1.1.0, convert-source-map@^1.5.0:
    version "1.5.1"
    resolved "https://registry.yarnpkg.com/convert-source-map/-/convert-source-map-1.5.1.tgz#b8278097b9bc229365de5c62cf5fcaed8b5599e5"
  
  copy-descriptor@^0.1.0:
    version "0.1.1"
    resolved "https://registry.yarnpkg.com/copy-descriptor/-/copy-descriptor-0.1.1.tgz#676f6eb3c39997c2ee1ac3a924fd6124748f578d"
  
  core-js@^2.4.0, core-js@^2.5.0:
    version "2.5.5"
    resolved "https://registry.yarnpkg.com/core-js/-/core-js-2.5.5.tgz#b14dde936c640c0579a6b50cabcc132dd6127e3b"
  
  core-util-is@~1.0.0:
    version "1.0.2"
    resolved "https://registry.yarnpkg.com/core-util-is/-/core-util-is-1.0.2.tgz#b5fd54220aa2bc5ab57aab7140c940754503c1a7"
  
  dateformat@^2.0.0:
    version "2.2.0"
    resolved "https://registry.yarnpkg.com/dateformat/-/dateformat-2.2.0.tgz#4065e2013cf9fb916ddfd82efb506ad4c6769062"
  
  debug@^2.2.0, debug@^2.3.3, debug@^2.6.8:
    version "2.6.9"
    resolved "https://registry.yarnpkg.com/debug/-/debug-2.6.9.tgz#5d128515df134ff327e90a4c93f4e077a536341f"
    dependencies:
      ms "2.0.0"
  
  debug@^3.1.0:
    version "3.1.0"
    resolved "https://registry.yarnpkg.com/debug/-/debug-3.1.0.tgz#5bb5a0672628b64149566ba16819e61518c67261"
    dependencies:
      ms "2.0.0"
  
  decode-uri-component@^0.2.0:
    version "0.2.0"
    resolved "https://registry.yarnpkg.com/decode-uri-component/-/decode-uri-component-0.2.0.tgz#eb3913333458775cb84cd1a1fae062106bb87545"
  
  defaults@^1.0.0:
    version "1.0.3"
    resolved "https://registry.yarnpkg.com/defaults/-/defaults-1.0.3.tgz#c656051e9817d9ff08ed881477f3fe4019f3ef7d"
    dependencies:
      clone "^1.0.2"
  
  define-property@^0.2.5:
    version "0.2.5"
    resolved "https://registry.yarnpkg.com/define-property/-/define-property-0.2.5.tgz#c35b1ef918ec3c990f9a5bc57be04aacec5c8116"
    dependencies:
      is-descriptor "^0.1.0"
  
  define-property@^1.0.0:
    version "1.0.0"
    resolved "https://registry.yarnpkg.com/define-property/-/define-property-1.0.0.tgz#769ebaaf3f4a63aad3af9e8d304c9bbe79bfb0e6"
    dependencies:
      is-descriptor "^1.0.0"
  
  define-property@^2.0.2:
    version "2.0.2"
    resolved "https://registry.yarnpkg.com/define-property/-/define-property-2.0.2.tgz#d459689e8d654ba77e02a817f8710d702cb16e9d"
    dependencies:
      is-descriptor "^1.0.2"
      isobject "^3.0.1"
  
  deprecated@^0.0.1:
    version "0.0.1"
    resolved "https://registry.yarnpkg.com/deprecated/-/deprecated-0.0.1.tgz#f9c9af5464afa1e7a971458a8bdef2aa94d5bb19"
  
  detect-file@^1.0.0:
    version "1.0.0"
    resolved "https://registry.yarnpkg.com/detect-file/-/detect-file-1.0.0.tgz#f0d66d03672a825cb1b73bdb3fe62310c8e552b7"
  
  detect-indent@^4.0.0:
    version "4.0.0"
    resolved "https://registry.yarnpkg.com/detect-indent/-/detect-indent-4.0.0.tgz#f76d064352cdf43a1cb6ce619c4ee3a9475de208"
    dependencies:
      repeating "^2.0.0"
  
  duplexer2@0.0.2:
    version "0.0.2"
    resolved "https://registry.yarnpkg.com/duplexer2/-/duplexer2-0.0.2.tgz#c614dcf67e2fb14995a91711e5a617e8a60a31db"
    dependencies:
      readable-stream "~1.1.9"
  
  electron-to-chromium@^1.3.41:
    version "1.3.42"
    resolved "https://registry.yarnpkg.com/electron-to-chromium/-/electron-to-chromium-1.3.42.tgz#95c33bf01d0cc405556aec899fe61fd4d76ea0f9"
  
  end-of-stream@~0.1.5:
    version "0.1.5"
    resolved "https://registry.yarnpkg.com/end-of-stream/-/end-of-stream-0.1.5.tgz#8e177206c3c80837d85632e8b9359dfe8b2f6eaf"
    dependencies:
      once "~1.3.0"
  
  escape-string-regexp@^1.0.2, escape-string-regexp@^1.0.5:
    version "1.0.5"
    resolved "https://registry.yarnpkg.com/escape-string-regexp/-/escape-string-regexp-1.0.5.tgz#1b61c0562190a8dff6ae3bb2cf0200ca130b86d4"
  
  esutils@^2.0.2:
    version "2.0.2"
    resolved "https://registry.yarnpkg.com/esutils/-/esutils-2.0.2.tgz#0abf4f1caa5bcb1f7a9d8acc6dea4faaa04bac9b"
  
  expand-brackets@^0.1.4:
    version "0.1.5"
    resolved "https://registry.yarnpkg.com/expand-brackets/-/expand-brackets-0.1.5.tgz#df07284e342a807cd733ac5af72411e581d1177b"
    dependencies:
      is-posix-bracket "^0.1.0"
  
  expand-brackets@^2.1.4:
    version "2.1.4"
    resolved "https://registry.yarnpkg.com/expand-brackets/-/expand-brackets-2.1.4.tgz#b77735e315ce30f6b6eff0f83b04151a22449622"
    dependencies:
      debug "^2.3.3"
      define-property "^0.2.5"
      extend-shallow "^2.0.1"
      posix-character-classes "^0.1.0"
      regex-not "^1.0.0"
      snapdragon "^0.8.1"
      to-regex "^3.0.1"
  
  expand-range@^1.8.1:
    version "1.8.2"
    resolved "https://registry.yarnpkg.com/expand-range/-/expand-range-1.8.2.tgz#a299effd335fe2721ebae8e257ec79644fc85337"
    dependencies:
      fill-range "^2.1.0"
  
  expand-tilde@^2.0.0, expand-tilde@^2.0.2:
    version "2.0.2"
    resolved "https://registry.yarnpkg.com/expand-tilde/-/expand-tilde-2.0.2.tgz#97e801aa052df02454de46b02bf621642cdc8502"
    dependencies:
      homedir-polyfill "^1.0.1"
  
  extend-shallow@^2.0.1:
    version "2.0.1"
    resolved "https://registry.yarnpkg.com/extend-shallow/-/extend-shallow-2.0.1.tgz#51af7d614ad9a9f610ea1bafbb989d6b1c56890f"
    dependencies:
      is-extendable "^0.1.0"
  
  extend-shallow@^3.0.0, extend-shallow@^3.0.2:
    version "3.0.2"
    resolved "https://registry.yarnpkg.com/extend-shallow/-/extend-shallow-3.0.2.tgz#26a71aaf073b39fb2127172746131c2704028db8"
    dependencies:
      assign-symbols "^1.0.0"
      is-extendable "^1.0.1"
  
  extend@^3.0.0:
    version "3.0.1"
    resolved "https://registry.yarnpkg.com/extend/-/extend-3.0.1.tgz#a755ea7bc1adfcc5a31ce7e762dbaadc5e636444"
  
  extglob@^0.3.1:
    version "0.3.2"
    resolved "https://registry.yarnpkg.com/extglob/-/extglob-0.3.2.tgz#2e18ff3d2f49ab2765cec9023f011daa8d8349a1"
    dependencies:
      is-extglob "^1.0.0"
  
  extglob@^2.0.4:
    version "2.0.4"
    resolved "https://registry.yarnpkg.com/extglob/-/extglob-2.0.4.tgz#ad00fe4dc612a9232e8718711dc5cb5ab0285543"
    dependencies:
      array-unique "^0.3.2"
      define-property "^1.0.0"
      expand-brackets "^2.1.4"
      extend-shallow "^2.0.1"
      fragment-cache "^0.2.1"
      regex-not "^1.0.0"
      snapdragon "^0.8.1"
      to-regex "^3.0.1"
  
  fancy-log@^1.1.0:
    version "1.3.2"
    resolved "https://registry.yarnpkg.com/fancy-log/-/fancy-log-1.3.2.tgz#f41125e3d84f2e7d89a43d06d958c8f78be16be1"
    dependencies:
      ansi-gray "^0.1.1"
      color-support "^1.1.3"
      time-stamp "^1.0.0"
  
  filename-regex@^2.0.0:
    version "2.0.1"
    resolved "https://registry.yarnpkg.com/filename-regex/-/filename-regex-2.0.1.tgz#c1c4b9bee3e09725ddb106b75c1e301fe2f18b26"
  
  fill-range@^2.1.0:
    version "2.2.3"
    resolved "https://registry.yarnpkg.com/fill-range/-/fill-range-2.2.3.tgz#50b77dfd7e469bc7492470963699fe7a8485a723"
    dependencies:
      is-number "^2.1.0"
      isobject "^2.0.0"
      randomatic "^1.1.3"
      repeat-element "^1.1.2"
      repeat-string "^1.5.2"
  
  fill-range@^4.0.0:
    version "4.0.0"
    resolved "https://registry.yarnpkg.com/fill-range/-/fill-range-4.0.0.tgz#d544811d428f98eb06a63dc402d2403c328c38f7"
    dependencies:
      extend-shallow "^2.0.1"
      is-number "^3.0.0"
      repeat-string "^1.6.1"
      to-regex-range "^2.1.0"
  
  find-index@^0.1.1:
    version "0.1.1"
    resolved "https://registry.yarnpkg.com/find-index/-/find-index-0.1.1.tgz#675d358b2ca3892d795a1ab47232f8b6e2e0dde4"
  
  findup-sync@^2.0.0:
    version "2.0.0"
    resolved "https://registry.yarnpkg.com/findup-sync/-/findup-sync-2.0.0.tgz#9326b1488c22d1a6088650a86901b2d9a90a2cbc"
    dependencies:
      detect-file "^1.0.0"
      is-glob "^3.1.0"
      micromatch "^3.0.4"
      resolve-dir "^1.0.1"
  
  fined@^1.0.1:
    version "1.1.0"
    resolved "https://registry.yarnpkg.com/fined/-/fined-1.1.0.tgz#b37dc844b76a2f5e7081e884f7c0ae344f153476"
    dependencies:
      expand-tilde "^2.0.2"
      is-plain-object "^2.0.3"
      object.defaults "^1.1.0"
      object.pick "^1.2.0"
      parse-filepath "^1.0.1"
  
  first-chunk-stream@^1.0.0:
    version "1.0.0"
    resolved "https://registry.yarnpkg.com/first-chunk-stream/-/first-chunk-stream-1.0.0.tgz#59bfb50cd905f60d7c394cd3d9acaab4e6ad934e"
  
  flagged-respawn@^1.0.0:
    version "1.0.0"
    resolved "https://registry.yarnpkg.com/flagged-respawn/-/flagged-respawn-1.0.0.tgz#4e79ae9b2eb38bf86b3bb56bf3e0a56aa5fcabd7"
  
  for-in@^1.0.1, for-in@^1.0.2:
    version "1.0.2"
    resolved "https://registry.yarnpkg.com/for-in/-/for-in-1.0.2.tgz#81068d295a8142ec0ac726c6e2200c30fb6d5e80"
  
  for-own@^0.1.4:
    version "0.1.5"
    resolved "https://registry.yarnpkg.com/for-own/-/for-own-0.1.5.tgz#5265c681a4f294dabbf17c9509b6763aa84510ce"
    dependencies:
      for-in "^1.0.1"
  
  for-own@^1.0.0:
    version "1.0.0"
    resolved "https://registry.yarnpkg.com/for-own/-/for-own-1.0.0.tgz#c63332f415cedc4b04dbfe70cf836494c53cb44b"
    dependencies:
      for-in "^1.0.1"
  
  fragment-cache@^0.2.1:
    version "0.2.1"
    resolved "https://registry.yarnpkg.com/fragment-cache/-/fragment-cache-0.2.1.tgz#4290fad27f13e89be7f33799c6bc5a0abfff0d19"
    dependencies:
      map-cache "^0.2.2"
  
  gaze@^0.5.1:
    version "0.5.2"
    resolved "https://registry.yarnpkg.com/gaze/-/gaze-0.5.2.tgz#40b709537d24d1d45767db5a908689dfe69ac44f"
    dependencies:
      globule "~0.1.0"
  
  get-value@^2.0.3, get-value@^2.0.6:
    version "2.0.6"
    resolved "https://registry.yarnpkg.com/get-value/-/get-value-2.0.6.tgz#dc15ca1c672387ca76bd37ac0a395ba2042a2c28"
  
  glob-base@^0.3.0:
    version "0.3.0"
    resolved "https://registry.yarnpkg.com/glob-base/-/glob-base-0.3.0.tgz#dbb164f6221b1c0b1ccf82aea328b497df0ea3c4"
    dependencies:
      glob-parent "^2.0.0"
      is-glob "^2.0.0"
  
  glob-parent@^2.0.0:
    version "2.0.0"
    resolved "https://registry.yarnpkg.com/glob-parent/-/glob-parent-2.0.0.tgz#81383d72db054fcccf5336daa902f182f6edbb28"
    dependencies:
      is-glob "^2.0.0"
  
  glob-stream@^3.1.5:
    version "3.1.18"
    resolved "https://registry.yarnpkg.com/glob-stream/-/glob-stream-3.1.18.tgz#9170a5f12b790306fdfe598f313f8f7954fd143b"
    dependencies:
      glob "^4.3.1"
      glob2base "^0.0.12"
      minimatch "^2.0.1"
      ordered-read-streams "^0.1.0"
      through2 "^0.6.1"
      unique-stream "^1.0.0"
  
  glob-watcher@^0.0.6:
    version "0.0.6"
    resolved "https://registry.yarnpkg.com/glob-watcher/-/glob-watcher-0.0.6.tgz#b95b4a8df74b39c83298b0c05c978b4d9a3b710b"
    dependencies:
      gaze "^0.5.1"
  
  glob2base@^0.0.12:
    version "0.0.12"
    resolved "https://registry.yarnpkg.com/glob2base/-/glob2base-0.0.12.tgz#9d419b3e28f12e83a362164a277055922c9c0d56"
    dependencies:
      find-index "^0.1.1"
  
  glob@^4.3.1:
    version "4.5.3"
    resolved "https://registry.yarnpkg.com/glob/-/glob-4.5.3.tgz#c6cb73d3226c1efef04de3c56d012f03377ee15f"
    dependencies:
      inflight "^1.0.4"
      inherits "2"
      minimatch "^2.0.1"
      once "^1.3.0"
  
  glob@~3.1.21:
    version "3.1.21"
    resolved "https://registry.yarnpkg.com/glob/-/glob-3.1.21.tgz#d29e0a055dea5138f4d07ed40e8982e83c2066cd"
    dependencies:
      graceful-fs "~1.2.0"
      inherits "1"
      minimatch "~0.2.11"
  
  global-modules@^1.0.0:
    version "1.0.0"
    resolved "https://registry.yarnpkg.com/global-modules/-/global-modules-1.0.0.tgz#6d770f0eb523ac78164d72b5e71a8877265cc3ea"
    dependencies:
      global-prefix "^1.0.1"
      is-windows "^1.0.1"
      resolve-dir "^1.0.0"
  
  global-prefix@^1.0.1:
    version "1.0.2"
    resolved "https://registry.yarnpkg.com/global-prefix/-/global-prefix-1.0.2.tgz#dbf743c6c14992593c655568cb66ed32c0122ebe"
    dependencies:
      expand-tilde "^2.0.2"
      homedir-polyfill "^1.0.1"
      ini "^1.3.4"
      is-windows "^1.0.1"
      which "^1.2.14"
  
  globals@^11.1.0:
    version "11.4.0"
    resolved "https://registry.yarnpkg.com/globals/-/globals-11.4.0.tgz#b85c793349561c16076a3c13549238a27945f1bc"
  
  globals@^9.18.0:
    version "9.18.0"
    resolved "https://registry.yarnpkg.com/globals/-/globals-9.18.0.tgz#aa3896b3e69b487f17e31ed2143d69a8e30c2d8a"
  
  globule@~0.1.0:
    version "0.1.0"
    resolved "https://registry.yarnpkg.com/globule/-/globule-0.1.0.tgz#d9c8edde1da79d125a151b79533b978676346ae5"
    dependencies:
      glob "~3.1.21"
      lodash "~1.0.1"
      minimatch "~0.2.11"
  
  glogg@^1.0.0:
    version "1.0.1"
    resolved "https://registry.yarnpkg.com/glogg/-/glogg-1.0.1.tgz#dcf758e44789cc3f3d32c1f3562a3676e6a34810"
    dependencies:
      sparkles "^1.0.0"
  
  graceful-fs@^3.0.0:
    version "3.0.11"
    resolved "https://registry.yarnpkg.com/graceful-fs/-/graceful-fs-3.0.11.tgz#7613c778a1afea62f25c630a086d7f3acbbdd818"
    dependencies:
      natives "^1.1.0"
  
  graceful-fs@~1.2.0:
    version "1.2.3"
    resolved "https://registry.yarnpkg.com/graceful-fs/-/graceful-fs-1.2.3.tgz#15a4806a57547cb2d2dbf27f42e89a8c3451b364"
  
  gulp-babel@^7.0.1:
    version "7.0.1"
    resolved "https://registry.yarnpkg.com/gulp-babel/-/gulp-babel-7.0.1.tgz#b9c8e29fa376b36c57989db820fc1c1715bb47cb"
    dependencies:
      plugin-error "^1.0.1"
      replace-ext "0.0.1"
      through2 "^2.0.0"
      vinyl-sourcemaps-apply "^0.2.0"
  
  gulp-util@^3.0.0:
    version "3.0.8"
    resolved "https://registry.yarnpkg.com/gulp-util/-/gulp-util-3.0.8.tgz#0054e1e744502e27c04c187c3ecc505dd54bbb4f"
    dependencies:
      array-differ "^1.0.0"
      array-uniq "^1.0.2"
      beeper "^1.0.0"
      chalk "^1.0.0"
      dateformat "^2.0.0"
      fancy-log "^1.1.0"
      gulplog "^1.0.0"
      has-gulplog "^0.1.0"
      lodash._reescape "^3.0.0"
      lodash._reevaluate "^3.0.0"
      lodash._reinterpolate "^3.0.0"
      lodash.template "^3.0.0"
      minimist "^1.1.0"
      multipipe "^0.1.2"
      object-assign "^3.0.0"
      replace-ext "0.0.1"
      through2 "^2.0.0"
      vinyl "^0.5.0"
  
  gulp@^3.9.1:
    version "3.9.1"
    resolved "https://registry.yarnpkg.com/gulp/-/gulp-3.9.1.tgz#571ce45928dd40af6514fc4011866016c13845b4"
    dependencies:
      archy "^1.0.0"
      chalk "^1.0.0"
      deprecated "^0.0.1"
      gulp-util "^3.0.0"
      interpret "^1.0.0"
      liftoff "^2.1.0"
      minimist "^1.1.0"
      orchestrator "^0.3.0"
      pretty-hrtime "^1.0.0"
      semver "^4.1.0"
      tildify "^1.0.0"
      v8flags "^2.0.2"
      vinyl-fs "^0.3.0"
  
  gulplog@^1.0.0:
    version "1.0.0"
    resolved "https://registry.yarnpkg.com/gulplog/-/gulplog-1.0.0.tgz#e28c4d45d05ecbbed818363ce8f9c5926229ffe5"
    dependencies:
      glogg "^1.0.0"
  
  has-ansi@^2.0.0:
    version "2.0.0"
    resolved "https://registry.yarnpkg.com/has-ansi/-/has-ansi-2.0.0.tgz#34f5049ce1ecdf2b0649af3ef24e45ed35416d91"
    dependencies:
      ansi-regex "^2.0.0"
  
  has-flag@^3.0.0:
    version "3.0.0"
    resolved "https://registry.yarnpkg.com/has-flag/-/has-flag-3.0.0.tgz#b5d454dc2199ae225699f3467e5a07f3b955bafd"
  
  has-gulplog@^0.1.0:
    version "0.1.0"
    resolved "https://registry.yarnpkg.com/has-gulplog/-/has-gulplog-0.1.0.tgz#6414c82913697da51590397dafb12f22967811ce"
    dependencies:
      sparkles "^1.0.0"
  
  has-value@^0.3.1:
    version "0.3.1"
    resolved "https://registry.yarnpkg.com/has-value/-/has-value-0.3.1.tgz#7b1f58bada62ca827ec0a2078025654845995e1f"
    dependencies:
      get-value "^2.0.3"
      has-values "^0.1.4"
      isobject "^2.0.0"
  
  has-value@^1.0.0:
    version "1.0.0"
    resolved "https://registry.yarnpkg.com/has-value/-/has-value-1.0.0.tgz#18b281da585b1c5c51def24c930ed29a0be6b177"
    dependencies:
      get-value "^2.0.6"
      has-values "^1.0.0"
      isobject "^3.0.0"
  
  has-values@^0.1.4:
    version "0.1.4"
    resolved "https://registry.yarnpkg.com/has-values/-/has-values-0.1.4.tgz#6d61de95d91dfca9b9a02089ad384bff8f62b771"
  
  has-values@^1.0.0:
    version "1.0.0"
    resolved "https://registry.yarnpkg.com/has-values/-/has-values-1.0.0.tgz#95b0b63fec2146619a6fe57fe75628d5a39efe4f"
    dependencies:
      is-number "^3.0.0"
      kind-of "^4.0.0"
  
  home-or-tmp@^2.0.0:
    version "2.0.0"
    resolved "https://registry.yarnpkg.com/home-or-tmp/-/home-or-tmp-2.0.0.tgz#e36c3f2d2cae7d746a857e38d18d5f32a7882db8"
    dependencies:
      os-homedir "^1.0.0"
      os-tmpdir "^1.0.1"
  
  homedir-polyfill@^1.0.1:
    version "1.0.1"
    resolved "https://registry.yarnpkg.com/homedir-polyfill/-/homedir-polyfill-1.0.1.tgz#4c2bbc8a758998feebf5ed68580f76d46768b4bc"
    dependencies:
      parse-passwd "^1.0.0"
  
  inflight@^1.0.4:
    version "1.0.6"
    resolved "https://registry.yarnpkg.com/inflight/-/inflight-1.0.6.tgz#49bd6331d7d02d0c09bc910a1075ba8165b56df9"
    dependencies:
      once "^1.3.0"
      wrappy "1"
  
  inherits@1:
    version "1.0.2"
    resolved "https://registry.yarnpkg.com/inherits/-/inherits-1.0.2.tgz#ca4309dadee6b54cc0b8d247e8d7c7a0975bdc9b"
  
  inherits@2, inherits@~2.0.1, inherits@~2.0.3:
    version "2.0.3"
    resolved "https://registry.yarnpkg.com/inherits/-/inherits-2.0.3.tgz#633c2c83e3da42a502f52466022480f4208261de"
  
  ini@^1.3.4:
    version "1.3.5"
    resolved "https://registry.yarnpkg.com/ini/-/ini-1.3.5.tgz#eee25f56db1c9ec6085e0c22778083f596abf927"
  
  interpret@^1.0.0:
    version "1.1.0"
    resolved "https://registry.yarnpkg.com/interpret/-/interpret-1.1.0.tgz#7ed1b1410c6a0e0f78cf95d3b8440c63f78b8614"
  
  invariant@^2.2.0, invariant@^2.2.2:
    version "2.2.4"
    resolved "https://registry.yarnpkg.com/invariant/-/invariant-2.2.4.tgz#610f3c92c9359ce1db616e538008d23ff35158e6"
    dependencies:
      loose-envify "^1.0.0"
  
  is-absolute@^1.0.0:
    version "1.0.0"
    resolved "https://registry.yarnpkg.com/is-absolute/-/is-absolute-1.0.0.tgz#395e1ae84b11f26ad1795e73c17378e48a301576"
    dependencies:
      is-relative "^1.0.0"
      is-windows "^1.0.1"
  
  is-accessor-descriptor@^0.1.6:
    version "0.1.6"
    resolved "https://registry.yarnpkg.com/is-accessor-descriptor/-/is-accessor-descriptor-0.1.6.tgz#a9e12cb3ae8d876727eeef3843f8a0897b5c98d6"
    dependencies:
      kind-of "^3.0.2"
  
  is-accessor-descriptor@^1.0.0:
    version "1.0.0"
    resolved "https://registry.yarnpkg.com/is-accessor-descriptor/-/is-accessor-descriptor-1.0.0.tgz#169c2f6d3df1f992618072365c9b0ea1f6878656"
    dependencies:
      kind-of "^6.0.0"
  
  is-buffer@^1.1.5:
    version "1.1.6"
    resolved "https://registry.yarnpkg.com/is-buffer/-/is-buffer-1.1.6.tgz#efaa2ea9daa0d7ab2ea13a97b2b8ad51fefbe8be"
  
  is-data-descriptor@^0.1.4:
    version "0.1.4"
    resolved "https://registry.yarnpkg.com/is-data-descriptor/-/is-data-descriptor-0.1.4.tgz#0b5ee648388e2c860282e793f1856fec3f301b56"
    dependencies:
      kind-of "^3.0.2"
  
  is-data-descriptor@^1.0.0:
    version "1.0.0"
    resolved "https://registry.yarnpkg.com/is-data-descriptor/-/is-data-descriptor-1.0.0.tgz#d84876321d0e7add03990406abbbbd36ba9268c7"
    dependencies:
      kind-of "^6.0.0"
  
  is-descriptor@^0.1.0:
    version "0.1.6"
    resolved "https://registry.yarnpkg.com/is-descriptor/-/is-descriptor-0.1.6.tgz#366d8240dde487ca51823b1ab9f07a10a78251ca"
    dependencies:
      is-accessor-descriptor "^0.1.6"
      is-data-descriptor "^0.1.4"
      kind-of "^5.0.0"
  
  is-descriptor@^1.0.0, is-descriptor@^1.0.2:
    version "1.0.2"
    resolved "https://registry.yarnpkg.com/is-descriptor/-/is-descriptor-1.0.2.tgz#3b159746a66604b04f8c81524ba365c5f14d86ec"
    dependencies:
      is-accessor-descriptor "^1.0.0"
      is-data-descriptor "^1.0.0"
      kind-of "^6.0.2"
  
  is-dotfile@^1.0.0:
    version "1.0.3"
    resolved "https://registry.yarnpkg.com/is-dotfile/-/is-dotfile-1.0.3.tgz#a6a2f32ffd2dfb04f5ca25ecd0f6b83cf798a1e1"
  
  is-equal-shallow@^0.1.3:
    version "0.1.3"
    resolved "https://registry.yarnpkg.com/is-equal-shallow/-/is-equal-shallow-0.1.3.tgz#2238098fc221de0bcfa5d9eac4c45d638aa1c534"
    dependencies:
      is-primitive "^2.0.0"
  
  is-extendable@^0.1.0, is-extendable@^0.1.1:
    version "0.1.1"
    resolved "https://registry.yarnpkg.com/is-extendable/-/is-extendable-0.1.1.tgz#62b110e289a471418e3ec36a617d472e301dfc89"
  
  is-extendable@^1.0.1:
    version "1.0.1"
    resolved "https://registry.yarnpkg.com/is-extendable/-/is-extendable-1.0.1.tgz#a7470f9e426733d81bd81e1155264e3a3507cab4"
    dependencies:
      is-plain-object "^2.0.4"
  
  is-extglob@^1.0.0:
    version "1.0.0"
    resolved "https://registry.yarnpkg.com/is-extglob/-/is-extglob-1.0.0.tgz#ac468177c4943405a092fc8f29760c6ffc6206c0"
  
  is-extglob@^2.1.0:
    version "2.1.1"
    resolved "https://registry.yarnpkg.com/is-extglob/-/is-extglob-2.1.1.tgz#a88c02535791f02ed37c76a1b9ea9773c833f8c2"
  
  is-finite@^1.0.0:
    version "1.0.2"
    resolved "https://registry.yarnpkg.com/is-finite/-/is-finite-1.0.2.tgz#cc6677695602be550ef11e8b4aa6305342b6d0aa"
    dependencies:
      number-is-nan "^1.0.0"
  
  is-glob@^2.0.0, is-glob@^2.0.1:
    version "2.0.1"
    resolved "https://registry.yarnpkg.com/is-glob/-/is-glob-2.0.1.tgz#d096f926a3ded5600f3fdfd91198cb0888c2d863"
    dependencies:
      is-extglob "^1.0.0"
  
  is-glob@^3.1.0:
    version "3.1.0"
    resolved "https://registry.yarnpkg.com/is-glob/-/is-glob-3.1.0.tgz#7ba5ae24217804ac70707b96922567486cc3e84a"
    dependencies:
      is-extglob "^2.1.0"
  
  is-number@^2.1.0:
    version "2.1.0"
    resolved "https://registry.yarnpkg.com/is-number/-/is-number-2.1.0.tgz#01fcbbb393463a548f2f466cce16dece49db908f"
    dependencies:
      kind-of "^3.0.2"
  
  is-number@^3.0.0:
    version "3.0.0"
    resolved "https://registry.yarnpkg.com/is-number/-/is-number-3.0.0.tgz#24fd6201a4782cf50561c810276afc7d12d71195"
    dependencies:
      kind-of "^3.0.2"
  
  is-number@^4.0.0:
    version "4.0.0"
    resolved "https://registry.yarnpkg.com/is-number/-/is-number-4.0.0.tgz#0026e37f5454d73e356dfe6564699867c6a7f0ff"
  
  is-odd@^2.0.0:
    version "2.0.0"
    resolved "https://registry.yarnpkg.com/is-odd/-/is-odd-2.0.0.tgz#7646624671fd7ea558ccd9a2795182f2958f1b24"
    dependencies:
      is-number "^4.0.0"
  
  is-plain-object@^2.0.1, is-plain-object@^2.0.3, is-plain-object@^2.0.4:
    version "2.0.4"
    resolved "https://registry.yarnpkg.com/is-plain-object/-/is-plain-object-2.0.4.tgz#2c163b3fafb1b606d9d17928f05c2a1c38e07677"
    dependencies:
      isobject "^3.0.1"
  
  is-posix-bracket@^0.1.0:
    version "0.1.1"
    resolved "https://registry.yarnpkg.com/is-posix-bracket/-/is-posix-bracket-0.1.1.tgz#3334dc79774368e92f016e6fbc0a88f5cd6e6bc4"
  
  is-primitive@^2.0.0:
    version "2.0.0"
    resolved "https://registry.yarnpkg.com/is-primitive/-/is-primitive-2.0.0.tgz#207bab91638499c07b2adf240a41a87210034575"
  
  is-relative@^1.0.0:
    version "1.0.0"
    resolved "https://registry.yarnpkg.com/is-relative/-/is-relative-1.0.0.tgz#a1bb6935ce8c5dba1e8b9754b9b2dcc020e2260d"
    dependencies:
      is-unc-path "^1.0.0"
  
  is-unc-path@^1.0.0:
    version "1.0.0"
    resolved "https://registry.yarnpkg.com/is-unc-path/-/is-unc-path-1.0.0.tgz#d731e8898ed090a12c352ad2eaed5095ad322c9d"
    dependencies:
      unc-path-regex "^0.1.2"
  
  is-utf8@^0.2.0:
    version "0.2.1"
    resolved "https://registry.yarnpkg.com/is-utf8/-/is-utf8-0.2.1.tgz#4b0da1442104d1b336340e80797e865cf39f7d72"
  
  is-windows@^1.0.1, is-windows@^1.0.2:
    version "1.0.2"
    resolved "https://registry.yarnpkg.com/is-windows/-/is-windows-1.0.2.tgz#d1850eb9791ecd18e6182ce12a30f396634bb19d"
  
  isarray@0.0.1:
    version "0.0.1"
    resolved "https://registry.yarnpkg.com/isarray/-/isarray-0.0.1.tgz#8a18acfca9a8f4177e09abfc6038939b05d1eedf"
  
  isarray@1.0.0, isarray@~1.0.0:
    version "1.0.0"
    resolved "https://registry.yarnpkg.com/isarray/-/isarray-1.0.0.tgz#bb935d48582cba168c06834957a54a3e07124f11"
  
  isexe@^2.0.0:
    version "2.0.0"
    resolved "https://registry.yarnpkg.com/isexe/-/isexe-2.0.0.tgz#e8fbf374dc556ff8947a10dcb0572d633f2cfa10"
  
  isobject@^2.0.0:
    version "2.1.0"
    resolved "https://registry.yarnpkg.com/isobject/-/isobject-2.1.0.tgz#f065561096a3f1da2ef46272f815c840d87e0c89"
    dependencies:
      isarray "1.0.0"
  
  isobject@^3.0.0, isobject@^3.0.1:
    version "3.0.1"
    resolved "https://registry.yarnpkg.com/isobject/-/isobject-3.0.1.tgz#4e431e92b11a9731636aa1f9c8d1ccbcfdab78df"
  
  js-tokens@^3.0.0, js-tokens@^3.0.2:
    version "3.0.2"
    resolved "https://registry.yarnpkg.com/js-tokens/-/js-tokens-3.0.2.tgz#9866df395102130e38f7f996bceb65443209c25b"
  
  jsesc@^1.3.0:
    version "1.3.0"
    resolved "https://registry.yarnpkg.com/jsesc/-/jsesc-1.3.0.tgz#46c3fec8c1892b12b0833db9bc7622176dbab34b"
  
  jsesc@^2.5.1:
    version "2.5.1"
    resolved "https://registry.yarnpkg.com/jsesc/-/jsesc-2.5.1.tgz#e421a2a8e20d6b0819df28908f782526b96dd1fe"
  
  jsesc@~0.5.0:
    version "0.5.0"
    resolved "https://registry.yarnpkg.com/jsesc/-/jsesc-0.5.0.tgz#e7dee66e35d6fc16f710fe91d5cf69f70f08911d"
  
  json5@^0.5.0, json5@^0.5.1:
    version "0.5.1"
    resolved "https://registry.yarnpkg.com/json5/-/json5-0.5.1.tgz#1eade7acc012034ad84e2396767ead9fa5495821"
  
  kind-of@^3.0.2, kind-of@^3.0.3, kind-of@^3.2.0:
    version "3.2.2"
    resolved "https://registry.yarnpkg.com/kind-of/-/kind-of-3.2.2.tgz#31ea21a734bab9bbb0f32466d893aea51e4a3c64"
    dependencies:
      is-buffer "^1.1.5"
  
  kind-of@^4.0.0:
    version "4.0.0"
    resolved "https://registry.yarnpkg.com/kind-of/-/kind-of-4.0.0.tgz#20813df3d712928b207378691a45066fae72dd57"
    dependencies:
      is-buffer "^1.1.5"
  
  kind-of@^5.0.0:
    version "5.1.0"
    resolved "https://registry.yarnpkg.com/kind-of/-/kind-of-5.1.0.tgz#729c91e2d857b7a419a1f9aa65685c4c33f5845d"
  
  kind-of@^6.0.0, kind-of@^6.0.2:
    version "6.0.2"
    resolved "https://registry.yarnpkg.com/kind-of/-/kind-of-6.0.2.tgz#01146b36a6218e64e58f3a8d66de5d7fc6f6d051"
  
  liftoff@^2.1.0:
    version "2.5.0"
    resolved "https://registry.yarnpkg.com/liftoff/-/liftoff-2.5.0.tgz#2009291bb31cea861bbf10a7c15a28caf75c31ec"
    dependencies:
      extend "^3.0.0"
      findup-sync "^2.0.0"
      fined "^1.0.1"
      flagged-respawn "^1.0.0"
      is-plain-object "^2.0.4"
      object.map "^1.0.0"
      rechoir "^0.6.2"
      resolve "^1.1.7"
  
  lodash._basecopy@^3.0.0:
    version "3.0.1"
    resolved "https://registry.yarnpkg.com/lodash._basecopy/-/lodash._basecopy-3.0.1.tgz#8da0e6a876cf344c0ad8a54882111dd3c5c7ca36"
  
  lodash._basetostring@^3.0.0:
    version "3.0.1"
    resolved "https://registry.yarnpkg.com/lodash._basetostring/-/lodash._basetostring-3.0.1.tgz#d1861d877f824a52f669832dcaf3ee15566a07d5"
  
  lodash._basevalues@^3.0.0:
    version "3.0.0"
    resolved "https://registry.yarnpkg.com/lodash._basevalues/-/lodash._basevalues-3.0.0.tgz#5b775762802bde3d3297503e26300820fdf661b7"
  
  lodash._getnative@^3.0.0:
    version "3.9.1"
    resolved "https://registry.yarnpkg.com/lodash._getnative/-/lodash._getnative-3.9.1.tgz#570bc7dede46d61cdcde687d65d3eecbaa3aaff5"
  
  lodash._isiterateecall@^3.0.0:
    version "3.0.9"
    resolved "https://registry.yarnpkg.com/lodash._isiterateecall/-/lodash._isiterateecall-3.0.9.tgz#5203ad7ba425fae842460e696db9cf3e6aac057c"
  
  lodash._reescape@^3.0.0:
    version "3.0.0"
    resolved "https://registry.yarnpkg.com/lodash._reescape/-/lodash._reescape-3.0.0.tgz#2b1d6f5dfe07c8a355753e5f27fac7f1cde1616a"
  
  lodash._reevaluate@^3.0.0:
    version "3.0.0"
    resolved "https://registry.yarnpkg.com/lodash._reevaluate/-/lodash._reevaluate-3.0.0.tgz#58bc74c40664953ae0b124d806996daca431e2ed"
  
  lodash._reinterpolate@^3.0.0:
    version "3.0.0"
    resolved "https://registry.yarnpkg.com/lodash._reinterpolate/-/lodash._reinterpolate-3.0.0.tgz#0ccf2d89166af03b3663c796538b75ac6e114d9d"
  
  lodash._root@^3.0.0:
    version "3.0.1"
    resolved "https://registry.yarnpkg.com/lodash._root/-/lodash._root-3.0.1.tgz#fba1c4524c19ee9a5f8136b4609f017cf4ded692"
  
  lodash.escape@^3.0.0:
    version "3.2.0"
    resolved "https://registry.yarnpkg.com/lodash.escape/-/lodash.escape-3.2.0.tgz#995ee0dc18c1b48cc92effae71a10aab5b487698"
    dependencies:
      lodash._root "^3.0.0"
  
  lodash.isarguments@^3.0.0:
    version "3.1.0"
    resolved "https://registry.yarnpkg.com/lodash.isarguments/-/lodash.isarguments-3.1.0.tgz#2f573d85c6a24289ff00663b491c1d338ff3458a"
  
  lodash.isarray@^3.0.0:
    version "3.0.4"
    resolved "https://registry.yarnpkg.com/lodash.isarray/-/lodash.isarray-3.0.4.tgz#79e4eb88c36a8122af86f844aa9bcd851b5fbb55"
  
  lodash.keys@^3.0.0:
    version "3.1.2"
    resolved "https://registry.yarnpkg.com/lodash.keys/-/lodash.keys-3.1.2.tgz#4dbc0472b156be50a0b286855d1bd0b0c656098a"
    dependencies:
      lodash._getnative "^3.0.0"
      lodash.isarguments "^3.0.0"
      lodash.isarray "^3.0.0"
  
  lodash.restparam@^3.0.0:
    version "3.6.1"
    resolved "https://registry.yarnpkg.com/lodash.restparam/-/lodash.restparam-3.6.1.tgz#936a4e309ef330a7645ed4145986c85ae5b20805"
  
  lodash.template@^3.0.0:
    version "3.6.2"
    resolved "https://registry.yarnpkg.com/lodash.template/-/lodash.template-3.6.2.tgz#f8cdecc6169a255be9098ae8b0c53d378931d14f"
    dependencies:
      lodash._basecopy "^3.0.0"
      lodash._basetostring "^3.0.0"
      lodash._basevalues "^3.0.0"
      lodash._isiterateecall "^3.0.0"
      lodash._reinterpolate "^3.0.0"
      lodash.escape "^3.0.0"
      lodash.keys "^3.0.0"
      lodash.restparam "^3.0.0"
      lodash.templatesettings "^3.0.0"
  
  lodash.templatesettings@^3.0.0:
    version "3.1.1"
    resolved "https://registry.yarnpkg.com/lodash.templatesettings/-/lodash.templatesettings-3.1.1.tgz#fb307844753b66b9f1afa54e262c745307dba8e5"
    dependencies:
      lodash._reinterpolate "^3.0.0"
      lodash.escape "^3.0.0"
  
  lodash@^4.17.4, lodash@^4.2.0:
    version "4.17.5"
    resolved "https://registry.yarnpkg.com/lodash/-/lodash-4.17.5.tgz#99a92d65c0272debe8c96b6057bc8fbfa3bed511"
  
  lodash@~1.0.1:
    version "1.0.2"
    resolved "https://registry.yarnpkg.com/lodash/-/lodash-1.0.2.tgz#8f57560c83b59fc270bd3d561b690043430e2551"
  
  loose-envify@^1.0.0:
    version "1.3.1"
    resolved "https://registry.yarnpkg.com/loose-envify/-/loose-envify-1.3.1.tgz#d1a8ad33fa9ce0e713d65fdd0ac8b748d478c848"
    dependencies:
      js-tokens "^3.0.0"
  
  lru-cache@2:
    version "2.7.3"
    resolved "https://registry.yarnpkg.com/lru-cache/-/lru-cache-2.7.3.tgz#6d4524e8b955f95d4f5b58851ce21dd72fb4e952"
  
  make-iterator@^1.0.0:
    version "1.0.1"
    resolved "https://registry.yarnpkg.com/make-iterator/-/make-iterator-1.0.1.tgz#29b33f312aa8f547c4a5e490f56afcec99133ad6"
    dependencies:
      kind-of "^6.0.2"
  
  map-cache@^0.2.0, map-cache@^0.2.2:
    version "0.2.2"
    resolved "https://registry.yarnpkg.com/map-cache/-/map-cache-0.2.2.tgz#c32abd0bd6525d9b051645bb4f26ac5dc98a0dbf"
  
  map-visit@^1.0.0:
    version "1.0.0"
    resolved "https://registry.yarnpkg.com/map-visit/-/map-visit-1.0.0.tgz#ecdca8f13144e660f1b5bd41f12f3479d98dfb8f"
    dependencies:
      object-visit "^1.0.0"
  
  micromatch@^2.3.11:
    version "2.3.11"
    resolved "https://registry.yarnpkg.com/micromatch/-/micromatch-2.3.11.tgz#86677c97d1720b363431d04d0d15293bd38c1565"
    dependencies:
      arr-diff "^2.0.0"
      array-unique "^0.2.1"
      braces "^1.8.2"
      expand-brackets "^0.1.4"
      extglob "^0.3.1"
      filename-regex "^2.0.0"
      is-extglob "^1.0.0"
      is-glob "^2.0.1"
      kind-of "^3.0.2"
      normalize-path "^2.0.1"
      object.omit "^2.0.0"
      parse-glob "^3.0.4"
      regex-cache "^0.4.2"
  
  micromatch@^3.0.4:
    version "3.1.10"
    resolved "https://registry.yarnpkg.com/micromatch/-/micromatch-3.1.10.tgz#70859bc95c9840952f359a068a3fc49f9ecfac23"
    dependencies:
      arr-diff "^4.0.0"
      array-unique "^0.3.2"
      braces "^2.3.1"
      define-property "^2.0.2"
      extend-shallow "^3.0.2"
      extglob "^2.0.4"
      fragment-cache "^0.2.1"
      kind-of "^6.0.2"
      nanomatch "^1.2.9"
      object.pick "^1.3.0"
      regex-not "^1.0.0"
      snapdragon "^0.8.1"
      to-regex "^3.0.2"
  
  minimatch@^2.0.1:
    version "2.0.10"
    resolved "https://registry.yarnpkg.com/minimatch/-/minimatch-2.0.10.tgz#8d087c39c6b38c001b97fca7ce6d0e1e80afbac7"
    dependencies:
      brace-expansion "^1.0.0"
  
  minimatch@^3.0.4:
    version "3.0.4"
    resolved "https://registry.yarnpkg.com/minimatch/-/minimatch-3.0.4.tgz#5166e286457f03306064be5497e8dbb0c3d32083"
    dependencies:
      brace-expansion "^1.1.7"
  
  minimatch@~0.2.11:
    version "0.2.14"
    resolved "https://registry.yarnpkg.com/minimatch/-/minimatch-0.2.14.tgz#c74e780574f63c6f9a090e90efbe6ef53a6a756a"
    dependencies:
      lru-cache "2"
      sigmund "~1.0.0"
  
  minimist@0.0.8:
    version "0.0.8"
    resolved "https://registry.yarnpkg.com/minimist/-/minimist-0.0.8.tgz#857fcabfc3397d2625b8228262e86aa7a011b05d"
  
  minimist@^1.1.0:
    version "1.2.0"
    resolved "https://registry.yarnpkg.com/minimist/-/minimist-1.2.0.tgz#a35008b20f41383eec1fb914f4cd5df79a264284"
  
  mixin-deep@^1.2.0:
    version "1.3.1"
    resolved "https://registry.yarnpkg.com/mixin-deep/-/mixin-deep-1.3.1.tgz#a49e7268dce1a0d9698e45326c5626df3543d0fe"
    dependencies:
      for-in "^1.0.2"
      is-extendable "^1.0.1"
  
  mkdirp@^0.5.0, mkdirp@^0.5.1:
    version "0.5.1"
    resolved "https://registry.yarnpkg.com/mkdirp/-/mkdirp-0.5.1.tgz#30057438eac6cf7f8c4767f38648d6697d75c903"
    dependencies:
      minimist "0.0.8"
  
  ms@2.0.0:
    version "2.0.0"
    resolved "https://registry.yarnpkg.com/ms/-/ms-2.0.0.tgz#5608aeadfc00be6c2901df5f9861788de0d597c8"
  
  multipipe@^0.1.2:
    version "0.1.2"
    resolved "https://registry.yarnpkg.com/multipipe/-/multipipe-0.1.2.tgz#2a8f2ddf70eed564dff2d57f1e1a137d9f05078b"
    dependencies:
      duplexer2 "0.0.2"
  
  nanomatch@^1.2.9:
    version "1.2.9"
    resolved "https://registry.yarnpkg.com/nanomatch/-/nanomatch-1.2.9.tgz#879f7150cb2dab7a471259066c104eee6e0fa7c2"
    dependencies:
      arr-diff "^4.0.0"
      array-unique "^0.3.2"
      define-property "^2.0.2"
      extend-shallow "^3.0.2"
      fragment-cache "^0.2.1"
      is-odd "^2.0.0"
      is-windows "^1.0.2"
      kind-of "^6.0.2"
      object.pick "^1.3.0"
      regex-not "^1.0.0"
      snapdragon "^0.8.1"
      to-regex "^3.0.1"
  
  natives@^1.1.0:
    version "1.1.3"
    resolved "https://registry.yarnpkg.com/natives/-/natives-1.1.3.tgz#44a579be64507ea2d6ed1ca04a9415915cf75558"
  
  normalize-path@^2.0.1:
    version "2.1.1"
    resolved "https://registry.yarnpkg.com/normalize-path/-/normalize-path-2.1.1.tgz#1ab28b556e198363a8c1a6f7e6fa20137fe6aed9"
    dependencies:
      remove-trailing-separator "^1.0.1"
  
  number-is-nan@^1.0.0:
    version "1.0.1"
    resolved "https://registry.yarnpkg.com/number-is-nan/-/number-is-nan-1.0.1.tgz#097b602b53422a522c1afb8790318336941a011d"
  
  object-assign@^3.0.0:
    version "3.0.0"
    resolved "https://registry.yarnpkg.com/object-assign/-/object-assign-3.0.0.tgz#9bedd5ca0897949bca47e7ff408062d549f587f2"
  
  object-copy@^0.1.0:
    version "0.1.0"
    resolved "https://registry.yarnpkg.com/object-copy/-/object-copy-0.1.0.tgz#7e7d858b781bd7c991a41ba975ed3812754e998c"
    dependencies:
      copy-descriptor "^0.1.0"
      define-property "^0.2.5"
      kind-of "^3.0.3"
  
  object-visit@^1.0.0:
    version "1.0.1"
    resolved "https://registry.yarnpkg.com/object-visit/-/object-visit-1.0.1.tgz#f79c4493af0c5377b59fe39d395e41042dd045bb"
    dependencies:
      isobject "^3.0.0"
  
  object.defaults@^1.1.0:
    version "1.1.0"
    resolved "https://registry.yarnpkg.com/object.defaults/-/object.defaults-1.1.0.tgz#3a7f868334b407dea06da16d88d5cd29e435fecf"
    dependencies:
      array-each "^1.0.1"
      array-slice "^1.0.0"
      for-own "^1.0.0"
      isobject "^3.0.0"
  
  object.map@^1.0.0:
    version "1.0.1"
    resolved "https://registry.yarnpkg.com/object.map/-/object.map-1.0.1.tgz#cf83e59dc8fcc0ad5f4250e1f78b3b81bd801d37"
    dependencies:
      for-own "^1.0.0"
      make-iterator "^1.0.0"
  
  object.omit@^2.0.0:
    version "2.0.1"
    resolved "https://registry.yarnpkg.com/object.omit/-/object.omit-2.0.1.tgz#1a9c744829f39dbb858c76ca3579ae2a54ebd1fa"
    dependencies:
      for-own "^0.1.4"
      is-extendable "^0.1.1"
  
  object.pick@^1.2.0, object.pick@^1.3.0:
    version "1.3.0"
    resolved "https://registry.yarnpkg.com/object.pick/-/object.pick-1.3.0.tgz#87a10ac4c1694bd2e1cbf53591a66141fb5dd747"
    dependencies:
      isobject "^3.0.1"
  
  once@^1.3.0:
    version "1.4.0"
    resolved "https://registry.yarnpkg.com/once/-/once-1.4.0.tgz#583b1aa775961d4b113ac17d9c50baef9dd76bd1"
    dependencies:
      wrappy "1"
  
  once@~1.3.0:
    version "1.3.3"
    resolved "https://registry.yarnpkg.com/once/-/once-1.3.3.tgz#b2e261557ce4c314ec8304f3fa82663e4297ca20"
    dependencies:
      wrappy "1"
  
  orchestrator@^0.3.0:
    version "0.3.8"
    resolved "https://registry.yarnpkg.com/orchestrator/-/orchestrator-0.3.8.tgz#14e7e9e2764f7315fbac184e506c7aa6df94ad7e"
    dependencies:
      end-of-stream "~0.1.5"
      sequencify "~0.0.7"
      stream-consume "~0.1.0"
  
  ordered-read-streams@^0.1.0:
    version "0.1.0"
    resolved "https://registry.yarnpkg.com/ordered-read-streams/-/ordered-read-streams-0.1.0.tgz#fd565a9af8eb4473ba69b6ed8a34352cb552f126"
  
  os-homedir@^1.0.0:
    version "1.0.2"
    resolved "https://registry.yarnpkg.com/os-homedir/-/os-homedir-1.0.2.tgz#ffbc4988336e0e833de0c168c7ef152121aa7fb3"
  
  os-tmpdir@^1.0.1:
    version "1.0.2"
    resolved "https://registry.yarnpkg.com/os-tmpdir/-/os-tmpdir-1.0.2.tgz#bbe67406c79aa85c5cfec766fe5734555dfa1274"
  
  parse-filepath@^1.0.1:
    version "1.0.2"
    resolved "https://registry.yarnpkg.com/parse-filepath/-/parse-filepath-1.0.2.tgz#a632127f53aaf3d15876f5872f3ffac763d6c891"
    dependencies:
      is-absolute "^1.0.0"
      map-cache "^0.2.0"
      path-root "^0.1.1"
  
  parse-glob@^3.0.4:
    version "3.0.4"
    resolved "https://registry.yarnpkg.com/parse-glob/-/parse-glob-3.0.4.tgz#b2c376cfb11f35513badd173ef0bb6e3a388391c"
    dependencies:
      glob-base "^0.3.0"
      is-dotfile "^1.0.0"
      is-extglob "^1.0.0"
      is-glob "^2.0.0"
  
  parse-passwd@^1.0.0:
    version "1.0.0"
    resolved "https://registry.yarnpkg.com/parse-passwd/-/parse-passwd-1.0.0.tgz#6d5b934a456993b23d37f40a382d6f1666a8e5c6"
  
  pascalcase@^0.1.1:
    version "0.1.1"
    resolved "https://registry.yarnpkg.com/pascalcase/-/pascalcase-0.1.1.tgz#b363e55e8006ca6fe21784d2db22bd15d7917f14"
  
  path-is-absolute@^1.0.1:
    version "1.0.1"
    resolved "https://registry.yarnpkg.com/path-is-absolute/-/path-is-absolute-1.0.1.tgz#174b9268735534ffbc7ace6bf53a5a9e1b5c5f5f"
  
  path-parse@^1.0.5:
    version "1.0.5"
    resolved "https://registry.yarnpkg.com/path-parse/-/path-parse-1.0.5.tgz#3c1adf871ea9cd6c9431b6ea2bd74a0ff055c4c1"
  
  path-root-regex@^0.1.0:
    version "0.1.2"
    resolved "https://registry.yarnpkg.com/path-root-regex/-/path-root-regex-0.1.2.tgz#bfccdc8df5b12dc52c8b43ec38d18d72c04ba96d"
  
  path-root@^0.1.1:
    version "0.1.1"
    resolved "https://registry.yarnpkg.com/path-root/-/path-root-0.1.1.tgz#9a4a6814cac1c0cd73360a95f32083c8ea4745b7"
    dependencies:
      path-root-regex "^0.1.0"
  
  plugin-error@^1.0.1:
    version "1.0.1"
    resolved "https://registry.yarnpkg.com/plugin-error/-/plugin-error-1.0.1.tgz#77016bd8919d0ac377fdcdd0322328953ca5781c"
    dependencies:
      ansi-colors "^1.0.1"
      arr-diff "^4.0.0"
      arr-union "^3.1.0"
      extend-shallow "^3.0.2"
  
  posix-character-classes@^0.1.0:
    version "0.1.1"
    resolved "https://registry.yarnpkg.com/posix-character-classes/-/posix-character-classes-0.1.1.tgz#01eac0fe3b5af71a2a6c02feabb8c1fef7e00eab"
  
  preserve@^0.2.0:
    version "0.2.0"
    resolved "https://registry.yarnpkg.com/preserve/-/preserve-0.2.0.tgz#815ed1f6ebc65926f865b310c0713bcb3315ce4b"
  
  pretty-hrtime@^1.0.0:
    version "1.0.3"
    resolved "https://registry.yarnpkg.com/pretty-hrtime/-/pretty-hrtime-1.0.3.tgz#b7e3ea42435a4c9b2759d99e0f201eb195802ee1"
  
  private@^0.1.6, private@^0.1.7:
    version "0.1.8"
    resolved "https://registry.yarnpkg.com/private/-/private-0.1.8.tgz#2381edb3689f7a53d653190060fcf822d2f368ff"
  
  process-nextick-args@~2.0.0:
    version "2.0.0"
    resolved "https://registry.yarnpkg.com/process-nextick-args/-/process-nextick-args-2.0.0.tgz#a37d732f4271b4ab1ad070d35508e8290788ffaa"
  
  randomatic@^1.1.3:
    version "1.1.7"
    resolved "https://registry.yarnpkg.com/randomatic/-/randomatic-1.1.7.tgz#c7abe9cc8b87c0baa876b19fde83fd464797e38c"
    dependencies:
      is-number "^3.0.0"
      kind-of "^4.0.0"
  
  "readable-stream@>=1.0.33-1 <1.1.0-0":
    version "1.0.34"
    resolved "https://registry.yarnpkg.com/readable-stream/-/readable-stream-1.0.34.tgz#125820e34bc842d2f2aaafafe4c2916ee32c157c"
    dependencies:
      core-util-is "~1.0.0"
      inherits "~2.0.1"
      isarray "0.0.1"
      string_decoder "~0.10.x"
  
  readable-stream@^2.1.5:
    version "2.3.6"
    resolved "https://registry.yarnpkg.com/readable-stream/-/readable-stream-2.3.6.tgz#b11c27d88b8ff1fbe070643cf94b0c79ae1b0aaf"
    dependencies:
      core-util-is "~1.0.0"
      inherits "~2.0.3"
      isarray "~1.0.0"
      process-nextick-args "~2.0.0"
      safe-buffer "~5.1.1"
      string_decoder "~1.1.1"
      util-deprecate "~1.0.1"
  
  readable-stream@~1.1.9:
    version "1.1.14"
    resolved "https://registry.yarnpkg.com/readable-stream/-/readable-stream-1.1.14.tgz#7cf4c54ef648e3813084c636dd2079e166c081d9"
    dependencies:
      core-util-is "~1.0.0"
      inherits "~2.0.1"
      isarray "0.0.1"
      string_decoder "~0.10.x"
  
  rechoir@^0.6.2:
    version "0.6.2"
    resolved "https://registry.yarnpkg.com/rechoir/-/rechoir-0.6.2.tgz#85204b54dba82d5742e28c96756ef43af50e3384"
    dependencies:
      resolve "^1.1.6"
  
  regenerate-unicode-properties@^5.1.1:
    version "5.1.3"
    resolved "https://registry.yarnpkg.com/regenerate-unicode-properties/-/regenerate-unicode-properties-5.1.3.tgz#54f5891543468f36f2274b67c6bc4c033c27b308"
    dependencies:
      regenerate "^1.3.3"
  
  regenerate@^1.3.3:
    version "1.3.3"
    resolved "https://registry.yarnpkg.com/regenerate/-/regenerate-1.3.3.tgz#0c336d3980553d755c39b586ae3b20aa49c82b7f"
  
  regenerator-runtime@^0.11.0:
    version "0.11.1"
    resolved "https://registry.yarnpkg.com/regenerator-runtime/-/regenerator-runtime-0.11.1.tgz#be05ad7f9bf7d22e056f9726cee5017fbf19e2e9"
  
  regenerator-transform@^0.12.3:
    version "0.12.3"
    resolved "https://registry.yarnpkg.com/regenerator-transform/-/regenerator-transform-0.12.3.tgz#459adfb64f6a27164ab991b7873f45ab969eca8b"
    dependencies:
      private "^0.1.6"
  
  regex-cache@^0.4.2:
    version "0.4.4"
    resolved "https://registry.yarnpkg.com/regex-cache/-/regex-cache-0.4.4.tgz#75bdc58a2a1496cec48a12835bc54c8d562336dd"
    dependencies:
      is-equal-shallow "^0.1.3"
  
  regex-not@^1.0.0, regex-not@^1.0.2:
    version "1.0.2"
    resolved "https://registry.yarnpkg.com/regex-not/-/regex-not-1.0.2.tgz#1f4ece27e00b0b65e0247a6810e6a85d83a5752c"
    dependencies:
      extend-shallow "^3.0.2"
      safe-regex "^1.1.0"
  
  regexpu-core@^4.1.3:
    version "4.1.3"
    resolved "https://registry.yarnpkg.com/regexpu-core/-/regexpu-core-4.1.3.tgz#fb81616dbbc2a917a7419b33f8379144f51eb8d0"
    dependencies:
      regenerate "^1.3.3"
      regenerate-unicode-properties "^5.1.1"
      regjsgen "^0.3.0"
      regjsparser "^0.2.1"
      unicode-match-property-ecmascript "^1.0.3"
      unicode-match-property-value-ecmascript "^1.0.1"
  
  regjsgen@^0.3.0:
    version "0.3.0"
    resolved "https://registry.yarnpkg.com/regjsgen/-/regjsgen-0.3.0.tgz#0ee4a3e9276430cda25f1e789ea6c15b87b0cb43"
  
  regjsparser@^0.2.1:
    version "0.2.1"
    resolved "https://registry.yarnpkg.com/regjsparser/-/regjsparser-0.2.1.tgz#c3787553faf04e775c302102ef346d995000ec1c"
    dependencies:
      jsesc "~0.5.0"
  
  remove-trailing-separator@^1.0.1:
    version "1.1.0"
    resolved "https://registry.yarnpkg.com/remove-trailing-separator/-/remove-trailing-separator-1.1.0.tgz#c24bce2a283adad5bc3f58e0d48249b92379d8ef"
  
  repeat-element@^1.1.2:
    version "1.1.2"
    resolved "https://registry.yarnpkg.com/repeat-element/-/repeat-element-1.1.2.tgz#ef089a178d1483baae4d93eb98b4f9e4e11d990a"
  
  repeat-string@^1.5.2, repeat-string@^1.6.1:
    version "1.6.1"
    resolved "https://registry.yarnpkg.com/repeat-string/-/repeat-string-1.6.1.tgz#8dcae470e1c88abc2d600fff4a776286da75e637"
  
  repeating@^2.0.0:
    version "2.0.1"
    resolved "https://registry.yarnpkg.com/repeating/-/repeating-2.0.1.tgz#5214c53a926d3552707527fbab415dbc08d06dda"
    dependencies:
      is-finite "^1.0.0"
  
  replace-ext@0.0.1:
    version "0.0.1"
    resolved "https://registry.yarnpkg.com/replace-ext/-/replace-ext-0.0.1.tgz#29bbd92078a739f0bcce2b4ee41e837953522924"
  
  resolve-dir@^1.0.0, resolve-dir@^1.0.1:
    version "1.0.1"
    resolved "https://registry.yarnpkg.com/resolve-dir/-/resolve-dir-1.0.1.tgz#79a40644c362be82f26effe739c9bb5382046f43"
    dependencies:
      expand-tilde "^2.0.0"
      global-modules "^1.0.0"
  
  resolve-url@^0.2.1:
    version "0.2.1"
    resolved "https://registry.yarnpkg.com/resolve-url/-/resolve-url-0.2.1.tgz#2c637fe77c893afd2a663fe21aa9080068e2052a"
  
  resolve@^1.1.6, resolve@^1.1.7, resolve@^1.3.2:
    version "1.7.1"
    resolved "https://registry.yarnpkg.com/resolve/-/resolve-1.7.1.tgz#aadd656374fd298aee895bc026b8297418677fd3"
    dependencies:
      path-parse "^1.0.5"
  
  ret@~0.1.10:
    version "0.1.15"
    resolved "https://registry.yarnpkg.com/ret/-/ret-0.1.15.tgz#b8a4825d5bdb1fc3f6f53c2bc33f81388681c7bc"
  
  safe-buffer@~5.1.0, safe-buffer@~5.1.1:
    version "5.1.1"
    resolved "https://registry.yarnpkg.com/safe-buffer/-/safe-buffer-5.1.1.tgz#893312af69b2123def71f57889001671eeb2c853"
  
  safe-regex@^1.1.0:
    version "1.1.0"
    resolved "https://registry.yarnpkg.com/safe-regex/-/safe-regex-1.1.0.tgz#40a3669f3b077d1e943d44629e157dd48023bf2e"
    dependencies:
      ret "~0.1.10"
  
  semver@^4.1.0:
    version "4.3.6"
    resolved "https://registry.yarnpkg.com/semver/-/semver-4.3.6.tgz#300bc6e0e86374f7ba61068b5b1ecd57fc6532da"
  
  semver@^5.3.0, semver@^5.4.1:
    version "5.5.0"
    resolved "https://registry.yarnpkg.com/semver/-/semver-5.5.0.tgz#dc4bbc7a6ca9d916dee5d43516f0092b58f7b8ab"
  
  sequencify@~0.0.7:
    version "0.0.7"
    resolved "https://registry.yarnpkg.com/sequencify/-/sequencify-0.0.7.tgz#90cff19d02e07027fd767f5ead3e7b95d1e7380c"
  
  set-value@^0.4.3:
    version "0.4.3"
    resolved "https://registry.yarnpkg.com/set-value/-/set-value-0.4.3.tgz#7db08f9d3d22dc7f78e53af3c3bf4666ecdfccf1"
    dependencies:
      extend-shallow "^2.0.1"
      is-extendable "^0.1.1"
      is-plain-object "^2.0.1"
      to-object-path "^0.3.0"
  
  set-value@^2.0.0:
    version "2.0.0"
    resolved "https://registry.yarnpkg.com/set-value/-/set-value-2.0.0.tgz#71ae4a88f0feefbbf52d1ea604f3fb315ebb6274"
    dependencies:
      extend-shallow "^2.0.1"
      is-extendable "^0.1.1"
      is-plain-object "^2.0.3"
      split-string "^3.0.1"
  
  sigmund@~1.0.0:
    version "1.0.1"
    resolved "https://registry.yarnpkg.com/sigmund/-/sigmund-1.0.1.tgz#3ff21f198cad2175f9f3b781853fd94d0d19b590"
  
  slash@^1.0.0:
    version "1.0.0"
    resolved "https://registry.yarnpkg.com/slash/-/slash-1.0.0.tgz#c41f2f6c39fc16d1cd17ad4b5d896114ae470d55"
  
  snapdragon-node@^2.0.1:
    version "2.1.1"
    resolved "https://registry.yarnpkg.com/snapdragon-node/-/snapdragon-node-2.1.1.tgz#6c175f86ff14bdb0724563e8f3c1b021a286853b"
    dependencies:
      define-property "^1.0.0"
      isobject "^3.0.0"
      snapdragon-util "^3.0.1"
  
  snapdragon-util@^3.0.1:
    version "3.0.1"
    resolved "https://registry.yarnpkg.com/snapdragon-util/-/snapdragon-util-3.0.1.tgz#f956479486f2acd79700693f6f7b805e45ab56e2"
    dependencies:
      kind-of "^3.2.0"
  
  snapdragon@^0.8.1:
    version "0.8.2"
    resolved "https://registry.yarnpkg.com/snapdragon/-/snapdragon-0.8.2.tgz#64922e7c565b0e14204ba1aa7d6964278d25182d"
    dependencies:
      base "^0.11.1"
      debug "^2.2.0"
      define-property "^0.2.5"
      extend-shallow "^2.0.1"
      map-cache "^0.2.2"
      source-map "^0.5.6"
      source-map-resolve "^0.5.0"
      use "^3.1.0"
  
  source-map-resolve@^0.5.0:
    version "0.5.1"
    resolved "https://registry.yarnpkg.com/source-map-resolve/-/source-map-resolve-0.5.1.tgz#7ad0f593f2281598e854df80f19aae4b92d7a11a"
    dependencies:
      atob "^2.0.0"
      decode-uri-component "^0.2.0"
      resolve-url "^0.2.1"
      source-map-url "^0.4.0"
      urix "^0.1.0"
  
  source-map-support@^0.4.15:
    version "0.4.18"
    resolved "https://registry.yarnpkg.com/source-map-support/-/source-map-support-0.4.18.tgz#0286a6de8be42641338594e97ccea75f0a2c585f"
    dependencies:
      source-map "^0.5.6"
  
  source-map-url@^0.4.0:
    version "0.4.0"
    resolved "https://registry.yarnpkg.com/source-map-url/-/source-map-url-0.4.0.tgz#3e935d7ddd73631b97659956d55128e87b5084a3"
  
  source-map@^0.5.0, source-map@^0.5.1, source-map@^0.5.6, source-map@^0.5.7:
    version "0.5.7"
    resolved "https://registry.yarnpkg.com/source-map/-/source-map-0.5.7.tgz#8a039d2d1021d22d1ea14c80d8ea468ba2ef3fcc"
  
  sparkles@^1.0.0:
    version "1.0.0"
    resolved "https://registry.yarnpkg.com/sparkles/-/sparkles-1.0.0.tgz#1acbbfb592436d10bbe8f785b7cc6f82815012c3"
  
  split-string@^3.0.1, split-string@^3.0.2:
    version "3.1.0"
    resolved "https://registry.yarnpkg.com/split-string/-/split-string-3.1.0.tgz#7cb09dda3a86585705c64b39a6466038682e8fe2"
    dependencies:
      extend-shallow "^3.0.0"
  
  static-extend@^0.1.1:
    version "0.1.2"
    resolved "https://registry.yarnpkg.com/static-extend/-/static-extend-0.1.2.tgz#60809c39cbff55337226fd5e0b520f341f1fb5c6"
    dependencies:
      define-property "^0.2.5"
      object-copy "^0.1.0"
  
  stream-consume@~0.1.0:
    version "0.1.1"
    resolved "https://registry.yarnpkg.com/stream-consume/-/stream-consume-0.1.1.tgz#d3bdb598c2bd0ae82b8cac7ac50b1107a7996c48"
  
  string_decoder@~0.10.x:
    version "0.10.31"
    resolved "https://registry.yarnpkg.com/string_decoder/-/string_decoder-0.10.31.tgz#62e203bc41766c6c28c9fc84301dab1c5310fa94"
  
  string_decoder@~1.1.1:
    version "1.1.1"
    resolved "https://registry.yarnpkg.com/string_decoder/-/string_decoder-1.1.1.tgz#9cf1611ba62685d7030ae9e4ba34149c3af03fc8"
    dependencies:
      safe-buffer "~5.1.0"
  
  strip-ansi@^3.0.0:
    version "3.0.1"
    resolved "https://registry.yarnpkg.com/strip-ansi/-/strip-ansi-3.0.1.tgz#6a385fb8853d952d5ff05d0e8aaf94278dc63dcf"
    dependencies:
      ansi-regex "^2.0.0"
  
  strip-bom@^1.0.0:
    version "1.0.0"
    resolved "https://registry.yarnpkg.com/strip-bom/-/strip-bom-1.0.0.tgz#85b8862f3844b5a6d5ec8467a93598173a36f794"
    dependencies:
      first-chunk-stream "^1.0.0"
      is-utf8 "^0.2.0"
  
  supports-color@^2.0.0:
    version "2.0.0"
    resolved "https://registry.yarnpkg.com/supports-color/-/supports-color-2.0.0.tgz#535d045ce6b6363fa40117084629995e9df324c7"
  
  supports-color@^5.3.0:
    version "5.3.0"
    resolved "https://registry.yarnpkg.com/supports-color/-/supports-color-5.3.0.tgz#5b24ac15db80fa927cf5227a4a33fd3c4c7676c0"
    dependencies:
      has-flag "^3.0.0"
  
  through2@^0.6.1:
    version "0.6.5"
    resolved "https://registry.yarnpkg.com/through2/-/through2-0.6.5.tgz#41ab9c67b29d57209071410e1d7a7a968cd3ad48"
    dependencies:
      readable-stream ">=1.0.33-1 <1.1.0-0"
      xtend ">=4.0.0 <4.1.0-0"
  
  through2@^2.0.0:
    version "2.0.3"
    resolved "https://registry.yarnpkg.com/through2/-/through2-2.0.3.tgz#0004569b37c7c74ba39c43f3ced78d1ad94140be"
    dependencies:
      readable-stream "^2.1.5"
      xtend "~4.0.1"
  
  tildify@^1.0.0:
    version "1.2.0"
    resolved "https://registry.yarnpkg.com/tildify/-/tildify-1.2.0.tgz#dcec03f55dca9b7aa3e5b04f21817eb56e63588a"
    dependencies:
      os-homedir "^1.0.0"
  
  time-stamp@^1.0.0:
    version "1.1.0"
    resolved "https://registry.yarnpkg.com/time-stamp/-/time-stamp-1.1.0.tgz#764a5a11af50561921b133f3b44e618687e0f5c3"
  
  to-fast-properties@^1.0.3:
    version "1.0.3"
    resolved "https://registry.yarnpkg.com/to-fast-properties/-/to-fast-properties-1.0.3.tgz#b83571fa4d8c25b82e231b06e3a3055de4ca1a47"
  
  to-fast-properties@^2.0.0:
    version "2.0.0"
    resolved "https://registry.yarnpkg.com/to-fast-properties/-/to-fast-properties-2.0.0.tgz#dc5e698cbd079265bc73e0377681a4e4e83f616e"
  
  to-object-path@^0.3.0:
    version "0.3.0"
    resolved "https://registry.yarnpkg.com/to-object-path/-/to-object-path-0.3.0.tgz#297588b7b0e7e0ac08e04e672f85c1f4999e17af"
    dependencies:
      kind-of "^3.0.2"
  
  to-regex-range@^2.1.0:
    version "2.1.1"
    resolved "https://registry.yarnpkg.com/to-regex-range/-/to-regex-range-2.1.1.tgz#7c80c17b9dfebe599e27367e0d4dd5590141db38"
    dependencies:
      is-number "^3.0.0"
      repeat-string "^1.6.1"
  
  to-regex@^3.0.1, to-regex@^3.0.2:
    version "3.0.2"
    resolved "https://registry.yarnpkg.com/to-regex/-/to-regex-3.0.2.tgz#13cfdd9b336552f30b51f33a8ae1b42a7a7599ce"
    dependencies:
      define-property "^2.0.2"
      extend-shallow "^3.0.2"
      regex-not "^1.0.2"
      safe-regex "^1.1.0"
  
  trim-right@^1.0.1:
    version "1.0.1"
    resolved "https://registry.yarnpkg.com/trim-right/-/trim-right-1.0.1.tgz#cb2e1203067e0c8de1f614094b9fe45704ea6003"
  
  unc-path-regex@^0.1.2:
    version "0.1.2"
    resolved "https://registry.yarnpkg.com/unc-path-regex/-/unc-path-regex-0.1.2.tgz#e73dd3d7b0d7c5ed86fbac6b0ae7d8c6a69d50fa"
  
  unicode-canonical-property-names-ecmascript@^1.0.2:
    version "1.0.3"
    resolved "https://registry.yarnpkg.com/unicode-canonical-property-names-ecmascript/-/unicode-canonical-property-names-ecmascript-1.0.3.tgz#f6119f417467593c0086357c85546b6ad5abc583"
  
  unicode-match-property-ecmascript@^1.0.3:
    version "1.0.3"
    resolved "https://registry.yarnpkg.com/unicode-match-property-ecmascript/-/unicode-match-property-ecmascript-1.0.3.tgz#db9b1cb4ffc67e0c5583780b1b59370e4cbe97b9"
    dependencies:
      unicode-canonical-property-names-ecmascript "^1.0.2"
      unicode-property-aliases-ecmascript "^1.0.3"
  
  unicode-match-property-value-ecmascript@^1.0.1:
    version "1.0.1"
    resolved "https://registry.yarnpkg.com/unicode-match-property-value-ecmascript/-/unicode-match-property-value-ecmascript-1.0.1.tgz#fea059120a016f403afd3bf586162b4db03e0604"
  
  unicode-property-aliases-ecmascript@^1.0.3:
    version "1.0.3"
    resolved "https://registry.yarnpkg.com/unicode-property-aliases-ecmascript/-/unicode-property-aliases-ecmascript-1.0.3.tgz#ac3522583b9e630580f916635333e00c5ead690d"
  
  union-value@^1.0.0:
    version "1.0.0"
    resolved "https://registry.yarnpkg.com/union-value/-/union-value-1.0.0.tgz#5c71c34cb5bad5dcebe3ea0cd08207ba5aa1aea4"
    dependencies:
      arr-union "^3.1.0"
      get-value "^2.0.6"
      is-extendable "^0.1.1"
      set-value "^0.4.3"
  
  unique-stream@^1.0.0:
    version "1.0.0"
    resolved "https://registry.yarnpkg.com/unique-stream/-/unique-stream-1.0.0.tgz#d59a4a75427447d9aa6c91e70263f8d26a4b104b"
  
  unset-value@^1.0.0:
    version "1.0.0"
    resolved "https://registry.yarnpkg.com/unset-value/-/unset-value-1.0.0.tgz#8376873f7d2335179ffb1e6fc3a8ed0dfc8ab559"
    dependencies:
      has-value "^0.3.1"
      isobject "^3.0.0"
  
  urix@^0.1.0:
    version "0.1.0"
    resolved "https://registry.yarnpkg.com/urix/-/urix-0.1.0.tgz#da937f7a62e21fec1fd18d49b35c2935067a6c72"
  
  use@^3.1.0:
    version "3.1.0"
    resolved "https://registry.yarnpkg.com/use/-/use-3.1.0.tgz#14716bf03fdfefd03040aef58d8b4b85f3a7c544"
    dependencies:
      kind-of "^6.0.2"
  
  user-home@^1.1.1:
    version "1.1.1"
    resolved "https://registry.yarnpkg.com/user-home/-/user-home-1.1.1.tgz#2b5be23a32b63a7c9deb8d0f28d485724a3df190"
  
  util-deprecate@~1.0.1:
    version "1.0.2"
    resolved "https://registry.yarnpkg.com/util-deprecate/-/util-deprecate-1.0.2.tgz#450d4dc9fa70de732762fbd2d4a28981419a0ccf"
  
  v8flags@^2.0.2:
    version "2.1.1"
    resolved "https://registry.yarnpkg.com/v8flags/-/v8flags-2.1.1.tgz#aab1a1fa30d45f88dd321148875ac02c0b55e5b4"
    dependencies:
      user-home "^1.1.1"
  
  vinyl-fs@^0.3.0:
    version "0.3.14"
    resolved "https://registry.yarnpkg.com/vinyl-fs/-/vinyl-fs-0.3.14.tgz#9a6851ce1cac1c1cea5fe86c0931d620c2cfa9e6"
    dependencies:
      defaults "^1.0.0"
      glob-stream "^3.1.5"
      glob-watcher "^0.0.6"
      graceful-fs "^3.0.0"
      mkdirp "^0.5.0"
      strip-bom "^1.0.0"
      through2 "^0.6.1"
      vinyl "^0.4.0"
  
  vinyl-sourcemaps-apply@^0.2.0:
    version "0.2.1"
    resolved "https://registry.yarnpkg.com/vinyl-sourcemaps-apply/-/vinyl-sourcemaps-apply-0.2.1.tgz#ab6549d61d172c2b1b87be5c508d239c8ef87705"
    dependencies:
      source-map "^0.5.1"
  
  vinyl@^0.4.0:
    version "0.4.6"
    resolved "https://registry.yarnpkg.com/vinyl/-/vinyl-0.4.6.tgz#2f356c87a550a255461f36bbeb2a5ba8bf784847"
    dependencies:
      clone "^0.2.0"
      clone-stats "^0.0.1"
  
  vinyl@^0.5.0:
    version "0.5.3"
    resolved "https://registry.yarnpkg.com/vinyl/-/vinyl-0.5.3.tgz#b0455b38fc5e0cf30d4325132e461970c2091cde"
    dependencies:
      clone "^1.0.0"
      clone-stats "^0.0.1"
      replace-ext "0.0.1"
  
  which@^1.2.14:
    version "1.3.0"
    resolved "https://registry.yarnpkg.com/which/-/which-1.3.0.tgz#ff04bdfc010ee547d780bec38e1ac1c2777d253a"
    dependencies:
      isexe "^2.0.0"
  
  wrappy@1:
    version "1.0.2"
    resolved "https://registry.yarnpkg.com/wrappy/-/wrappy-1.0.2.tgz#b5243d8f3ec1aa35f1364605bc0d1036e30ab69f"
  
  "xtend@>=4.0.0 <4.1.0-0", xtend@~4.0.1:
    version "4.0.1"
    resolved "https://registry.yarnpkg.com/xtend/-/xtend-4.0.1.tgz#a5c6d532be656e23db820efb943a1f04998d63af"

Trace: 
  Error: https://registry.yarnpkg.com/@babel%2fenv: Not found
      at Request.params.callback [as _callback] (/usr/local/Cellar/yarn/1.3.2/libexec/lib/cli.js:62098:18)
      at Request.self.callback (/usr/local/Cellar/yarn/1.3.2/libexec/lib/cli.js:123085:22)
      at emitTwo (events.js:126:13)
      at Request.emit (events.js:214:7)
      at Request.<anonymous> (/usr/local/Cellar/yarn/1.3.2/libexec/lib/cli.js:124068:10)
      at emitOne (events.js:116:13)
      at Request.emit (events.js:211:7)
      at IncomingMessage.<anonymous> (/usr/local/Cellar/yarn/1.3.2/libexec/lib/cli.js:123988:12)
      at Object.onceWrapper (events.js:313:30)
      at emitNone (events.js:111:20)
